[0.017s] Invoking command in '/home/dyxcvi/Documents/ROS2_CDPR_Controller/build/CDPR_controller': CMAKE_PREFIX_PATH=/opt/ros/foxy /usr/bin/cmake /home/dyxcvi/Documents/ROS2_CDPR_Controller -DCMAKE_INSTALL_PREFIX=/home/dyxcvi/Documents/ROS2_CDPR_Controller/install/CDPR_controller
[0.097s] -- The C compiler identification is GNU 9.4.0
[0.186s] -- The CXX compiler identification is GNU 9.4.0
[0.197s] -- Check for working C compiler: /usr/bin/cc
[0.303s] -- Check for working C compiler: /usr/bin/cc -- works
[0.307s] -- Detecting C compiler ABI info
[0.418s] -- Detecting C compiler ABI info - done
[0.445s] -- Detecting C compile features
[0.446s] -- Detecting C compile features - done
[0.452s] -- Check for working CXX compiler: /usr/bin/c++
[0.582s] -- Check for working CXX compiler: /usr/bin/c++ -- works
[0.584s] -- Detecting CXX compiler ABI info
[0.708s] -- Detecting CXX compiler ABI info - done
[0.735s] -- Detecting CXX compile features
[0.736s] -- Detecting CXX compile features - done
[0.742s] -- Found ament_cmake: 0.9.11 (/opt/ros/foxy/share/ament_cmake/cmake)
[0.771s] -- Found PythonInterp: /usr/bin/python3 (found suitable version "3.8.10", minimum required is "3") 
[0.773s] -- Using PYTHON_EXECUTABLE: /usr/bin/python3
[1.118s] -- Found rclcpp: 2.4.2 (/opt/ros/foxy/share/rclcpp/cmake)
[1.187s] -- Using all available rosidl_typesupport_c: rosidl_typesupport_fastrtps_c;rosidl_typesupport_introspection_c
[1.198s] -- Found rosidl_adapter: 1.3.0 (/opt/ros/foxy/share/rosidl_adapter/cmake)
[1.307s] -- Found OpenSSL: /usr/lib/x86_64-linux-gnu/libcrypto.so (found version "1.1.1f")  
[1.352s] -- Found FastRTPS: /opt/ros/foxy/include  
[1.469s] -- Using all available rosidl_typesupport_cpp: rosidl_typesupport_fastrtps_cpp;rosidl_typesupport_introspection_cpp
[1.574s] -- Found rmw_implementation_cmake: 1.0.3 (/opt/ros/foxy/share/rmw_implementation_cmake/cmake)
[1.577s] -- Using RMW implementation 'rmw_fastrtps_cpp' as default
[1.581s] -- Looking for pthread.h
[1.699s] -- Looking for pthread.h - found
[1.700s] -- Performing Test CMAKE_HAVE_LIBC_PTHREAD
[1.812s] -- Performing Test CMAKE_HAVE_LIBC_PTHREAD - Failed
[1.815s] -- Looking for pthread_create in pthreads
[1.907s] -- Looking for pthread_create in pthreads - not found
[1.907s] -- Looking for pthread_create in pthread
[2.016s] -- Looking for pthread_create in pthread - found
[2.019s] -- Found Threads: TRUE  
[2.318s] -- Found geometry_msgs: 2.0.5 (/opt/ros/foxy/share/geometry_msgs/cmake)
[2.391s] -- Found ament_lint_auto: 0.9.7 (/opt/ros/foxy/share/ament_lint_auto/cmake)
[2.466s] WARNING: Package name "CDPR_controller" does not follow the naming conventions. It should start with a lower case letter and only contain lower case letters, digits, underscores, and dashes.
[2.476s] CMake Error at /opt/ros/foxy/share/ament_cmake_core/cmake/core/ament_package_xml.cmake:53 (message):
[2.477s]   ament_package_xml() package name 'CDPR_controller' in '/package.xml' does
[2.480s]   not match current PROJECT_NAME 'robot_control_pubsub'.  You must call
[2.480s]   project() with the same package name before.
[2.481s] Call Stack (most recent call first):
[2.482s]   /opt/ros/foxy/share/ament_lint_auto/cmake/ament_lint_auto_find_test_dependencies.cmake:31 (ament_package_xml)
[2.482s]   CMakeLists.txt:45 (ament_lint_auto_find_test_dependencies)
[2.483s] 
[2.483s] 
[2.484s] -- Configuring incomplete, errors occurred!
[2.485s] See also "/home/dyxcvi/Documents/ROS2_CDPR_Controller/build/CDPR_controller/CMakeFiles/CMakeOutput.log".
[2.485s] See also "/home/dyxcvi/Documents/ROS2_CDPR_Controller/build/CDPR_controller/CMakeFiles/CMakeError.log".
[2.498s] Invoked command in '/home/dyxcvi/Documents/ROS2_CDPR_Controller/build/CDPR_controller' returned '1': CMAKE_PREFIX_PATH=/opt/ros/foxy /usr/bin/cmake /home/dyxcvi/Documents/ROS2_CDPR_Controller -DCMAKE_INSTALL_PREFIX=/home/dyxcvi/Documents/ROS2_CDPR_Controller/install/CDPR_controller
