[2.966s] DEBUG:colcon:Command line arguments: ['/usr/bin/colcon', 'build']
[2.966s] DEBUG:colcon:Parsed command line arguments: Namespace(allow_overriding=[], ament_cmake_args=None, base_paths=['.'], build_base='build', catkin_cmake_args=None, catkin_skip_building_tests=False, cmake_args=None, cmake_clean_cache=False, cmake_clean_first=False, cmake_force_configure=False, cmake_target=None, cmake_target_skip_unavailable=False, continue_on_error=False, event_handlers=None, executor='parallel', ignore_user_meta=False, install_base='install', log_base=None, log_level=None, main=<bound method BuildVerb.main of <colcon_core.verb.build.BuildVerb object at 0x7f76d4e54790>>, merge_install=False, metas=['./colcon.meta'], packages_above=None, packages_above_and_dependencies=None, packages_above_depth=None, packages_end=None, packages_ignore=None, packages_ignore_regex=None, packages_select=None, packages_select_build_failed=False, packages_select_by_dep=None, packages_select_regex=None, packages_select_test_failures=False, packages_skip=None, packages_skip_build_finished=False, packages_skip_by_dep=None, packages_skip_regex=None, packages_skip_test_passed=False, packages_skip_up_to=None, packages_start=None, packages_up_to=None, packages_up_to_regex=None, parallel_workers=1, paths=None, symlink_install=False, test_result_base=None, verb_extension=<colcon_core.verb.build.BuildVerb object at 0x7f76d4e54790>, verb_name='build', verb_parser=<colcon_defaults.argument_parser.defaults.DefaultArgumentsDecorator object at 0x7f76d4e54d00>)
[3.361s] Level 1:colcon.colcon_core.package_discovery:discover_packages(colcon_meta) check parameters
[3.362s] Level 1:colcon.colcon_core.package_discovery:discover_packages(recursive) check parameters
[3.362s] Level 1:colcon.colcon_core.package_discovery:discover_packages(ignore) check parameters
[3.362s] Level 1:colcon.colcon_core.package_discovery:discover_packages(path) check parameters
[3.362s] Level 1:colcon.colcon_core.package_discovery:discover_packages(colcon_meta) discover
[3.362s] Level 1:colcon.colcon_core.package_discovery:discover_packages(recursive) discover
[3.363s] INFO:colcon.colcon_core.package_discovery:Crawling recursively for packages in '/home/dyxcvi/Documents/ROS2_CDPR_Controller'
[3.363s] Level 1:colcon.colcon_core.package_identification:_identify(.) by extensions ['ignore', 'ignore_ament_install']
[3.363s] Level 1:colcon.colcon_core.package_identification:_identify(.) by extension 'ignore'
[3.363s] Level 1:colcon.colcon_core.package_identification:_identify(.) by extension 'ignore_ament_install'
[3.363s] Level 1:colcon.colcon_core.package_identification:_identify(.) by extensions ['colcon_pkg']
[3.364s] Level 1:colcon.colcon_core.package_identification:_identify(.) by extension 'colcon_pkg'
[3.364s] Level 1:colcon.colcon_core.package_identification:_identify(.) by extensions ['colcon_meta']
[3.364s] Level 1:colcon.colcon_core.package_identification:_identify(.) by extension 'colcon_meta'
[3.364s] Level 1:colcon.colcon_core.package_identification:_identify(.) by extensions ['ros']
[3.364s] Level 1:colcon.colcon_core.package_identification:_identify(.) by extension 'ros'
[3.383s] DEBUG:colcon.colcon_core.package_identification:Package '.' with type 'ros.ament_cmake' and name 'robot_control_pubsub'
[3.383s] Level 1:colcon.colcon_core.package_discovery:discover_packages(recursive) using defaults
[3.384s] Level 1:colcon.colcon_core.package_discovery:discover_packages(ignore) discover
[3.384s] Level 1:colcon.colcon_core.package_discovery:discover_packages(ignore) using defaults
[3.384s] Level 1:colcon.colcon_core.package_discovery:discover_packages(path) discover
[3.384s] Level 1:colcon.colcon_core.package_discovery:discover_packages(path) using defaults
[3.670s] Level 1:colcon.colcon_core.package_discovery:discover_packages(prefix_path) check parameters
[3.670s] Level 1:colcon.colcon_core.package_discovery:discover_packages(prefix_path) discover
[3.697s] DEBUG:colcon.colcon_installed_package_information.package_discovery:Found 259 installed packages in /opt/ros/foxy
[3.700s] Level 1:colcon.colcon_core.package_discovery:discover_packages(prefix_path) using defaults
[4.471s] Level 5:colcon.colcon_core.verb:set package 'robot_control_pubsub' build argument 'cmake_args' from command line to 'None'
[4.472s] Level 5:colcon.colcon_core.verb:set package 'robot_control_pubsub' build argument 'cmake_target' from command line to 'None'
[4.472s] Level 5:colcon.colcon_core.verb:set package 'robot_control_pubsub' build argument 'cmake_target_skip_unavailable' from command line to 'False'
[4.472s] Level 5:colcon.colcon_core.verb:set package 'robot_control_pubsub' build argument 'cmake_clean_cache' from command line to 'False'
[4.472s] Level 5:colcon.colcon_core.verb:set package 'robot_control_pubsub' build argument 'cmake_clean_first' from command line to 'False'
[4.472s] Level 5:colcon.colcon_core.verb:set package 'robot_control_pubsub' build argument 'cmake_force_configure' from command line to 'False'
[4.472s] Level 5:colcon.colcon_core.verb:set package 'robot_control_pubsub' build argument 'ament_cmake_args' from command line to 'None'
[4.473s] Level 5:colcon.colcon_core.verb:set package 'robot_control_pubsub' build argument 'catkin_cmake_args' from command line to 'None'
[4.473s] Level 5:colcon.colcon_core.verb:set package 'robot_control_pubsub' build argument 'catkin_skip_building_tests' from command line to 'False'
[4.473s] DEBUG:colcon.colcon_core.verb:Building package 'robot_control_pubsub' with the following arguments: {'ament_cmake_args': None, 'build_base': '/home/dyxcvi/Documents/ROS2_CDPR_Controller/build/robot_control_pubsub', 'catkin_cmake_args': None, 'catkin_skip_building_tests': False, 'cmake_args': None, 'cmake_clean_cache': False, 'cmake_clean_first': False, 'cmake_force_configure': False, 'cmake_target': None, 'cmake_target_skip_unavailable': False, 'install_base': '/home/dyxcvi/Documents/ROS2_CDPR_Controller/install/robot_control_pubsub', 'merge_install': False, 'path': '/home/dyxcvi/Documents/ROS2_CDPR_Controller', 'symlink_install': False, 'test_result_base': None}
[4.474s] INFO:colcon.colcon_core.executor:Executing jobs using 'parallel' executor
[4.480s] DEBUG:colcon.colcon_parallel_executor.executor.parallel:run_until_complete
[4.480s] INFO:colcon.colcon_ros.task.ament_cmake.build:Building ROS package in '/home/dyxcvi/Documents/ROS2_CDPR_Controller' with build type 'ament_cmake'
[4.480s] INFO:colcon.colcon_cmake.task.cmake.build:Building CMake package in '/home/dyxcvi/Documents/ROS2_CDPR_Controller'
[4.547s] INFO:colcon.colcon_core.plugin_system:Skipping extension 'colcon_core.shell.bat': Not used on non-Windows systems
[4.547s] INFO:colcon.colcon_core.shell:Skip shell extension 'powershell' for command environment: Not usable outside of PowerShell
[4.548s] DEBUG:colcon.colcon_core.shell:Skip shell extension 'dsv' for command environment
[4.580s] DEBUG:colcon.colcon_core.event_handler.log_command:Invoking command in '/home/dyxcvi/Documents/ROS2_CDPR_Controller/build/robot_control_pubsub': CMAKE_PREFIX_PATH=/opt/ros/foxy /usr/bin/cmake /home/dyxcvi/Documents/ROS2_CDPR_Controller -DCMAKE_INSTALL_PREFIX=/home/dyxcvi/Documents/ROS2_CDPR_Controller/install/robot_control_pubsub
[7.523s] DEBUG:colcon.colcon_core.event_handler.log_command:Invoked command in '/home/dyxcvi/Documents/ROS2_CDPR_Controller/build/robot_control_pubsub' returned '0': CMAKE_PREFIX_PATH=/opt/ros/foxy /usr/bin/cmake /home/dyxcvi/Documents/ROS2_CDPR_Controller -DCMAKE_INSTALL_PREFIX=/home/dyxcvi/Documents/ROS2_CDPR_Controller/install/robot_control_pubsub
[7.525s] DEBUG:colcon.colcon_core.event_handler.log_command:Invoking command in '/home/dyxcvi/Documents/ROS2_CDPR_Controller/build/robot_control_pubsub': CMAKE_PREFIX_PATH=/opt/ros/foxy /usr/bin/cmake --build /home/dyxcvi/Documents/ROS2_CDPR_Controller/build/robot_control_pubsub -- -j1 -l1
[31.418s] DEBUG:colcon.colcon_core.event_handler.log_command:Invoked command in '/home/dyxcvi/Documents/ROS2_CDPR_Controller/build/robot_control_pubsub' returned '2': CMAKE_PREFIX_PATH=/opt/ros/foxy /usr/bin/cmake --build /home/dyxcvi/Documents/ROS2_CDPR_Controller/build/robot_control_pubsub -- -j1 -l1
[31.458s] Level 1:colcon.colcon_core.environment:create_environment_scripts_only(robot_control_pubsub)
[31.643s] Level 1:colcon.colcon_core.environment:checking '/home/dyxcvi/Documents/ROS2_CDPR_Controller/install/robot_control_pubsub' for CMake module files
[31.644s] Level 1:colcon.colcon_core.environment:checking '/home/dyxcvi/Documents/ROS2_CDPR_Controller/install/robot_control_pubsub' for CMake config files
[31.644s] Level 1:colcon.colcon_core.environment:checking '/home/dyxcvi/Documents/ROS2_CDPR_Controller/install/robot_control_pubsub/bin'
[31.645s] Level 1:colcon.colcon_core.environment:checking '/home/dyxcvi/Documents/ROS2_CDPR_Controller/install/robot_control_pubsub/lib/pkgconfig/robot_control_pubsub.pc'
[31.645s] Level 1:colcon.colcon_core.environment:checking '/home/dyxcvi/Documents/ROS2_CDPR_Controller/install/robot_control_pubsub/lib/python3.8/site-packages'
[31.646s] Level 1:colcon.colcon_core.environment:checking '/home/dyxcvi/Documents/ROS2_CDPR_Controller/install/robot_control_pubsub/bin'
[31.648s] INFO:colcon.colcon_core.shell:Creating package script '/home/dyxcvi/Documents/ROS2_CDPR_Controller/install/robot_control_pubsub/share/robot_control_pubsub/package.ps1'
[31.667s] INFO:colcon.colcon_core.shell:Creating package descriptor '/home/dyxcvi/Documents/ROS2_CDPR_Controller/install/robot_control_pubsub/share/robot_control_pubsub/package.dsv'
[31.669s] INFO:colcon.colcon_core.shell:Creating package script '/home/dyxcvi/Documents/ROS2_CDPR_Controller/install/robot_control_pubsub/share/robot_control_pubsub/package.sh'
[31.671s] INFO:colcon.colcon_core.shell:Creating package script '/home/dyxcvi/Documents/ROS2_CDPR_Controller/install/robot_control_pubsub/share/robot_control_pubsub/package.bash'
[31.675s] INFO:colcon.colcon_core.shell:Creating package script '/home/dyxcvi/Documents/ROS2_CDPR_Controller/install/robot_control_pubsub/share/robot_control_pubsub/package.zsh'
[31.691s] Level 1:colcon.colcon_core.environment:create_file_with_runtime_dependencies(/home/dyxcvi/Documents/ROS2_CDPR_Controller/install/robot_control_pubsub/share/colcon-core/packages/robot_control_pubsub)
[31.696s] DEBUG:colcon.colcon_parallel_executor.executor.parallel:closing loop
[31.697s] DEBUG:colcon.colcon_parallel_executor.executor.parallel:loop closed
[31.697s] DEBUG:colcon.colcon_parallel_executor.executor.parallel:run_until_complete finished with '2'
[31.697s] DEBUG:colcon.colcon_core.event_reactor:joining thread
[31.724s] INFO:colcon.colcon_core.plugin_system:Skipping extension 'colcon_notification.desktop_notification.terminal_notifier': Not used on non-Darwin systems
[31.727s] INFO:colcon.colcon_core.plugin_system:Skipping extension 'colcon_notification.desktop_notification.win32': Not used on non-Windows systems
[31.727s] INFO:colcon.colcon_notification.desktop_notification:Sending desktop notification using 'notify2'
[31.758s] DEBUG:colcon.colcon_core.event_reactor:joined thread
[31.761s] INFO:colcon.colcon_core.shell:Creating prefix script '/home/dyxcvi/Documents/ROS2_CDPR_Controller/install/local_setup.ps1'
[31.774s] INFO:colcon.colcon_core.shell:Creating prefix util module '/home/dyxcvi/Documents/ROS2_CDPR_Controller/install/_local_setup_util_ps1.py'
[31.777s] INFO:colcon.colcon_core.shell:Creating prefix chain script '/home/dyxcvi/Documents/ROS2_CDPR_Controller/install/setup.ps1'
[31.786s] INFO:colcon.colcon_core.shell:Creating prefix script '/home/dyxcvi/Documents/ROS2_CDPR_Controller/install/local_setup.sh'
[31.794s] INFO:colcon.colcon_core.shell:Creating prefix util module '/home/dyxcvi/Documents/ROS2_CDPR_Controller/install/_local_setup_util_sh.py'
[31.794s] INFO:colcon.colcon_core.shell:Creating prefix chain script '/home/dyxcvi/Documents/ROS2_CDPR_Controller/install/setup.sh'
[31.797s] INFO:colcon.colcon_core.shell:Creating prefix script '/home/dyxcvi/Documents/ROS2_CDPR_Controller/install/local_setup.bash'
[31.803s] INFO:colcon.colcon_core.shell:Creating prefix chain script '/home/dyxcvi/Documents/ROS2_CDPR_Controller/install/setup.bash'
[31.806s] INFO:colcon.colcon_core.shell:Creating prefix script '/home/dyxcvi/Documents/ROS2_CDPR_Controller/install/local_setup.zsh'
[31.807s] INFO:colcon.colcon_core.shell:Creating prefix chain script '/home/dyxcvi/Documents/ROS2_CDPR_Controller/install/setup.zsh'
