[0.026s] Invoking command in '/home/dyxcvi/Documents/ROS2_CDPR_Controller/build/robot_control_pubsub': CMAKE_PREFIX_PATH=/opt/ros/foxy /usr/bin/cmake --build /home/dyxcvi/Documents/ROS2_CDPR_Controller/build/robot_control_pubsub -- -j1 -l1
[0.084s] [ 16%] Built target RobotModel-lib
[0.109s] [ 33%] Built target MotorController-lib
[0.131s] [ 50%] Built target TrajectoryGenerator-lib
[0.174s] [ 66%] Built target robotNode
[0.210s] [ 83%] Built target motorNode
[0.262s] [100%] Built target userNode
[0.290s] Invoked command in '/home/dyxcvi/Documents/ROS2_CDPR_Controller/build/robot_control_pubsub' returned '0': CMAKE_PREFIX_PATH=/opt/ros/foxy /usr/bin/cmake --build /home/dyxcvi/Documents/ROS2_CDPR_Controller/build/robot_control_pubsub -- -j1 -l1
[0.344s] Invoking command in '/home/dyxcvi/Documents/ROS2_CDPR_Controller/build/robot_control_pubsub': CMAKE_PREFIX_PATH=/opt/ros/foxy /usr/bin/cmake --install /home/dyxcvi/Documents/ROS2_CDPR_Controller/build/robot_control_pubsub
[0.359s] -- Install configuration: ""
[0.361s] -- Up-to-date: /home/dyxcvi/Documents/ROS2_CDPR_Controller/install/robot_control_pubsub/lib/robot_control_pubsub/userNode
[0.362s] -- Up-to-date: /home/dyxcvi/Documents/ROS2_CDPR_Controller/install/robot_control_pubsub/lib/robot_control_pubsub/robotNode
[0.365s] -- Up-to-date: /home/dyxcvi/Documents/ROS2_CDPR_Controller/install/robot_control_pubsub/lib/robot_control_pubsub/motorNode
[0.366s] -- Up-to-date: /home/dyxcvi/Documents/ROS2_CDPR_Controller/install/robot_control_pubsub/lib/MotorContollerModule/libMotorController-lib.a
[0.367s] -- Up-to-date: /home/dyxcvi/Documents/ROS2_CDPR_Controller/install/robot_control_pubsub/lib/TrajectoryGeneratorModule/libTrajectoryGenerator-lib.a
[0.368s] -- Up-to-date: /home/dyxcvi/Documents/ROS2_CDPR_Controller/install/robot_control_pubsub/lib/RobotModelModule/libRobotModel-lib.a
[0.369s] -- Up-to-date: /home/dyxcvi/Documents/ROS2_CDPR_Controller/install/robot_control_pubsub/share/ament_index/resource_index/package_run_dependencies/RobotModelModule
[0.370s] -- Up-to-date: /home/dyxcvi/Documents/ROS2_CDPR_Controller/install/robot_control_pubsub/share/ament_index/resource_index/parent_prefix_path/RobotModelModule
[0.371s] -- Up-to-date: /home/dyxcvi/Documents/ROS2_CDPR_Controller/install/robot_control_pubsub/share/RobotModelModule/environment/ament_prefix_path.sh
[0.371s] -- Up-to-date: /home/dyxcvi/Documents/ROS2_CDPR_Controller/install/robot_control_pubsub/share/RobotModelModule/environment/ament_prefix_path.dsv
[0.373s] -- Up-to-date: /home/dyxcvi/Documents/ROS2_CDPR_Controller/install/robot_control_pubsub/share/RobotModelModule/environment/path.sh
[0.373s] -- Up-to-date: /home/dyxcvi/Documents/ROS2_CDPR_Controller/install/robot_control_pubsub/share/RobotModelModule/environment/path.dsv
[0.373s] -- Up-to-date: /home/dyxcvi/Documents/ROS2_CDPR_Controller/install/robot_control_pubsub/share/RobotModelModule/local_setup.bash
[0.374s] -- Up-to-date: /home/dyxcvi/Documents/ROS2_CDPR_Controller/install/robot_control_pubsub/share/RobotModelModule/local_setup.sh
[0.374s] -- Up-to-date: /home/dyxcvi/Documents/ROS2_CDPR_Controller/install/robot_control_pubsub/share/RobotModelModule/local_setup.zsh
[0.374s] -- Up-to-date: /home/dyxcvi/Documents/ROS2_CDPR_Controller/install/robot_control_pubsub/share/RobotModelModule/local_setup.dsv
[0.378s] -- Up-to-date: /home/dyxcvi/Documents/ROS2_CDPR_Controller/install/robot_control_pubsub/share/RobotModelModule/package.dsv
[0.378s] -- Up-to-date: /home/dyxcvi/Documents/ROS2_CDPR_Controller/install/robot_control_pubsub/share/ament_index/resource_index/packages/RobotModelModule
[0.379s] -- Up-to-date: /home/dyxcvi/Documents/ROS2_CDPR_Controller/install/robot_control_pubsub/share/RobotModelModule/cmake/RobotModelModuleConfig.cmake
[0.379s] -- Up-to-date: /home/dyxcvi/Documents/ROS2_CDPR_Controller/install/robot_control_pubsub/share/RobotModelModule/cmake/RobotModelModuleConfig-version.cmake
[0.379s] -- Up-to-date: /home/dyxcvi/Documents/ROS2_CDPR_Controller/install/robot_control_pubsub/share/RobotModelModule/package.xml
[0.387s] Invoked command in '/home/dyxcvi/Documents/ROS2_CDPR_Controller/build/robot_control_pubsub' returned '0': CMAKE_PREFIX_PATH=/opt/ros/foxy /usr/bin/cmake --install /home/dyxcvi/Documents/ROS2_CDPR_Controller/build/robot_control_pubsub
