[ 16%] Built target RobotModel-lib
[ 33%] Built target MotorController-lib
[ 50%] Built target TrajectoryGenerator-lib
[ 66%] Built target robotNode
[ 83%] Built target motorNode
[35m[1mScanning dependencies of target userNode[0m
[ 91%] [32mBuilding CXX object CMakeFiles/userNode.dir/src/UserNode.cpp.o[0m
[01m[K/home/dyxcvi/Documents/ROS2_CDPR_Controller/src/UserNode.cpp:[m[K In member function ‘[01m[Kvoid UserNode::timer_callback()[m[K’:
[01m[K/home/dyxcvi/Documents/ROS2_CDPR_Controller/src/UserNode.cpp:38:12:[m[K [01;35m[Kwarning: [m[Kvariable ‘[01m[Kmessage[m[K’ set but not used [[01;35m[K-Wunused-but-set-variable[m[K]
   38 |       auto [01;35m[Kmessage[m[K = geometry_msgs::msg::Point ();
      |            [01;35m[K^~~~~~~[m[K
[01m[K/home/dyxcvi/Documents/ROS2_CDPR_Controller/src/UserNode.cpp:41:26:[m[K [01;35m[Kwarning: [m[Kunused variable ‘[01m[Kstatus[m[K’ [[01;35m[K-Wunused-variable[m[K]
   41 |       std::future_status [01;35m[Kstatus[m[K = futureCounter.wait_until(std::chrono::system_clock::now() + std::chrono::nanoseconds(100));
      |                          [01;35m[K^~~~~~[m[K
[100%] [32m[1mLinking CXX executable userNode[0m
[100%] Built target userNode
-- Install configuration: ""
-- Installing: /home/dyxcvi/Documents/ROS2_CDPR_Controller/install/robot_control_pubsub/lib/robot_control_pubsub/userNode
-- Set runtime path of "/home/dyxcvi/Documents/ROS2_CDPR_Controller/install/robot_control_pubsub/lib/robot_control_pubsub/userNode" to ""
-- Up-to-date: /home/dyxcvi/Documents/ROS2_CDPR_Controller/install/robot_control_pubsub/lib/robot_control_pubsub/robotNode
-- Up-to-date: /home/dyxcvi/Documents/ROS2_CDPR_Controller/install/robot_control_pubsub/lib/robot_control_pubsub/motorNode
-- Up-to-date: /home/dyxcvi/Documents/ROS2_CDPR_Controller/install/robot_control_pubsub/lib/MotorContollerModule/libMotorController-lib.a
-- Up-to-date: /home/dyxcvi/Documents/ROS2_CDPR_Controller/install/robot_control_pubsub/lib/TrajectoryGeneratorModule/libTrajectoryGenerator-lib.a
-- Up-to-date: /home/dyxcvi/Documents/ROS2_CDPR_Controller/install/robot_control_pubsub/lib/RobotModelModule/libRobotModel-lib.a
-- Up-to-date: /home/dyxcvi/Documents/ROS2_CDPR_Controller/install/robot_control_pubsub/share/ament_index/resource_index/package_run_dependencies/RobotModelModule
-- Up-to-date: /home/dyxcvi/Documents/ROS2_CDPR_Controller/install/robot_control_pubsub/share/ament_index/resource_index/parent_prefix_path/RobotModelModule
-- Up-to-date: /home/dyxcvi/Documents/ROS2_CDPR_Controller/install/robot_control_pubsub/share/RobotModelModule/environment/ament_prefix_path.sh
-- Up-to-date: /home/dyxcvi/Documents/ROS2_CDPR_Controller/install/robot_control_pubsub/share/RobotModelModule/environment/ament_prefix_path.dsv
-- Up-to-date: /home/dyxcvi/Documents/ROS2_CDPR_Controller/install/robot_control_pubsub/share/RobotModelModule/environment/path.sh
-- Up-to-date: /home/dyxcvi/Documents/ROS2_CDPR_Controller/install/robot_control_pubsub/share/RobotModelModule/environment/path.dsv
-- Up-to-date: /home/dyxcvi/Documents/ROS2_CDPR_Controller/install/robot_control_pubsub/share/RobotModelModule/local_setup.bash
-- Up-to-date: /home/dyxcvi/Documents/ROS2_CDPR_Controller/install/robot_control_pubsub/share/RobotModelModule/local_setup.sh
-- Up-to-date: /home/dyxcvi/Documents/ROS2_CDPR_Controller/install/robot_control_pubsub/share/RobotModelModule/local_setup.zsh
-- Up-to-date: /home/dyxcvi/Documents/ROS2_CDPR_Controller/install/robot_control_pubsub/share/RobotModelModule/local_setup.dsv
-- Up-to-date: /home/dyxcvi/Documents/ROS2_CDPR_Controller/install/robot_control_pubsub/share/RobotModelModule/package.dsv
-- Up-to-date: /home/dyxcvi/Documents/ROS2_CDPR_Controller/install/robot_control_pubsub/share/ament_index/resource_index/packages/RobotModelModule
-- Up-to-date: /home/dyxcvi/Documents/ROS2_CDPR_Controller/install/robot_control_pubsub/share/RobotModelModule/cmake/RobotModelModuleConfig.cmake
-- Up-to-date: /home/dyxcvi/Documents/ROS2_CDPR_Controller/install/robot_control_pubsub/share/RobotModelModule/cmake/RobotModelModuleConfig-version.cmake
-- Up-to-date: /home/dyxcvi/Documents/ROS2_CDPR_Controller/install/robot_control_pubsub/share/RobotModelModule/package.xml
