[0.019s] Invoking command in '/home/dyxcvi/Documents/ROS2_CDPR_Controller/build/robot_control_pubsub': CMAKE_PREFIX_PATH=/opt/ros/foxy /usr/bin/cmake --build /home/dyxcvi/Documents/ROS2_CDPR_Controller/build/robot_control_pubsub -- -j1 -l1
[0.091s] [ 16%] Built target RobotModel-lib
[0.118s] [ 33%] Built target MotorController-lib
[0.141s] [ 50%] Built target TrajectoryGenerator-lib
[0.176s] [ 66%] Built target robotNode
[0.212s] [ 83%] Built target motorNode
[0.226s] [35m[1mScanning dependencies of target userNode[0m
[0.291s] [ 91%] [32mBuilding CXX object CMakeFiles/userNode.dir/src/UserNode.cpp.o[0m
[2.114s] [01m[K/home/dyxcvi/Documents/ROS2_CDPR_Controller/src/UserNode.cpp:[m[K In member function ‘[01m[Kvoid UserNode::timer_callback()[m[K’:
[2.115s] [01m[K/home/dyxcvi/Documents/ROS2_CDPR_Controller/src/UserNode.cpp:38:12:[m[K [01;35m[Kwarning: [m[Kvariable ‘[01m[Kmessage[m[K’ set but not used [[01;35m[K-Wunused-but-set-variable[m[K]
[2.116s]    38 |       auto [01;35m[Kmessage[m[K = geometry_msgs::msg::Point ();
[2.116s]       |            [01;35m[K^~~~~~~[m[K
[2.117s] [01m[K/home/dyxcvi/Documents/ROS2_CDPR_Controller/src/UserNode.cpp:41:26:[m[K [01;35m[Kwarning: [m[Kunused variable ‘[01m[Kstatus[m[K’ [[01;35m[K-Wunused-variable[m[K]
[2.118s]    41 |       std::future_status [01;35m[Kstatus[m[K = futureCounter.wait_until(std::chrono::system_clock::now() + std::chrono::nanoseconds(100));
[2.118s]       |                          [01;35m[K^~~~~~[m[K
[4.771s] [100%] [32m[1mLinking CXX executable userNode[0m
[5.017s] [100%] Built target userNode
[5.036s] Invoked command in '/home/dyxcvi/Documents/ROS2_CDPR_Controller/build/robot_control_pubsub' returned '0': CMAKE_PREFIX_PATH=/opt/ros/foxy /usr/bin/cmake --build /home/dyxcvi/Documents/ROS2_CDPR_Controller/build/robot_control_pubsub -- -j1 -l1
[5.091s] Invoking command in '/home/dyxcvi/Documents/ROS2_CDPR_Controller/build/robot_control_pubsub': CMAKE_PREFIX_PATH=/opt/ros/foxy /usr/bin/cmake --install /home/dyxcvi/Documents/ROS2_CDPR_Controller/build/robot_control_pubsub
[5.104s] -- Install configuration: ""
[5.105s] -- Installing: /home/dyxcvi/Documents/ROS2_CDPR_Controller/install/robot_control_pubsub/lib/robot_control_pubsub/userNode
[5.109s] -- Set runtime path of "/home/dyxcvi/Documents/ROS2_CDPR_Controller/install/robot_control_pubsub/lib/robot_control_pubsub/userNode" to ""
[5.110s] -- Up-to-date: /home/dyxcvi/Documents/ROS2_CDPR_Controller/install/robot_control_pubsub/lib/robot_control_pubsub/robotNode
[5.112s] -- Up-to-date: /home/dyxcvi/Documents/ROS2_CDPR_Controller/install/robot_control_pubsub/lib/robot_control_pubsub/motorNode
[5.114s] -- Up-to-date: /home/dyxcvi/Documents/ROS2_CDPR_Controller/install/robot_control_pubsub/lib/MotorContollerModule/libMotorController-lib.a
[5.115s] -- Up-to-date: /home/dyxcvi/Documents/ROS2_CDPR_Controller/install/robot_control_pubsub/lib/TrajectoryGeneratorModule/libTrajectoryGenerator-lib.a
[5.116s] -- Up-to-date: /home/dyxcvi/Documents/ROS2_CDPR_Controller/install/robot_control_pubsub/lib/RobotModelModule/libRobotModel-lib.a
[5.116s] -- Up-to-date: /home/dyxcvi/Documents/ROS2_CDPR_Controller/install/robot_control_pubsub/share/ament_index/resource_index/package_run_dependencies/RobotModelModule
[5.117s] -- Up-to-date: /home/dyxcvi/Documents/ROS2_CDPR_Controller/install/robot_control_pubsub/share/ament_index/resource_index/parent_prefix_path/RobotModelModule
[5.118s] -- Up-to-date: /home/dyxcvi/Documents/ROS2_CDPR_Controller/install/robot_control_pubsub/share/RobotModelModule/environment/ament_prefix_path.sh
[5.120s] -- Up-to-date: /home/dyxcvi/Documents/ROS2_CDPR_Controller/install/robot_control_pubsub/share/RobotModelModule/environment/ament_prefix_path.dsv
[5.120s] -- Up-to-date: /home/dyxcvi/Documents/ROS2_CDPR_Controller/install/robot_control_pubsub/share/RobotModelModule/environment/path.sh
[5.120s] -- Up-to-date: /home/dyxcvi/Documents/ROS2_CDPR_Controller/install/robot_control_pubsub/share/RobotModelModule/environment/path.dsv
[5.121s] -- Up-to-date: /home/dyxcvi/Documents/ROS2_CDPR_Controller/install/robot_control_pubsub/share/RobotModelModule/local_setup.bash
[5.123s] -- Up-to-date: /home/dyxcvi/Documents/ROS2_CDPR_Controller/install/robot_control_pubsub/share/RobotModelModule/local_setup.sh
[5.123s] -- Up-to-date: /home/dyxcvi/Documents/ROS2_CDPR_Controller/install/robot_control_pubsub/share/RobotModelModule/local_setup.zsh
[5.123s] -- Up-to-date: /home/dyxcvi/Documents/ROS2_CDPR_Controller/install/robot_control_pubsub/share/RobotModelModule/local_setup.dsv
[5.123s] -- Up-to-date: /home/dyxcvi/Documents/ROS2_CDPR_Controller/install/robot_control_pubsub/share/RobotModelModule/package.dsv
[5.124s] -- Up-to-date: /home/dyxcvi/Documents/ROS2_CDPR_Controller/install/robot_control_pubsub/share/ament_index/resource_index/packages/RobotModelModule
[5.124s] -- Up-to-date: /home/dyxcvi/Documents/ROS2_CDPR_Controller/install/robot_control_pubsub/share/RobotModelModule/cmake/RobotModelModuleConfig.cmake
[5.124s] -- Up-to-date: /home/dyxcvi/Documents/ROS2_CDPR_Controller/install/robot_control_pubsub/share/RobotModelModule/cmake/RobotModelModuleConfig-version.cmake
[5.124s] -- Up-to-date: /home/dyxcvi/Documents/ROS2_CDPR_Controller/install/robot_control_pubsub/share/RobotModelModule/package.xml
[5.135s] Invoked command in '/home/dyxcvi/Documents/ROS2_CDPR_Controller/build/robot_control_pubsub' returned '0': CMAKE_PREFIX_PATH=/opt/ros/foxy /usr/bin/cmake --install /home/dyxcvi/Documents/ROS2_CDPR_Controller/build/robot_control_pubsub
