[0.030s] Invoking command in '/home/dyxcvi/Documents/ROS2_CDPR_Controller/build/cdpr_controller': CMAKE_PREFIX_PATH=/opt/ros/foxy /usr/bin/cmake /home/dyxcvi/Documents/ROS2_CDPR_Controller -DCMAKE_INSTALL_PREFIX=/home/dyxcvi/Documents/ROS2_CDPR_Controller/install/cdpr_controller
[0.123s] -- The C compiler identification is GNU 9.4.0
[0.218s] -- The CXX compiler identification is GNU 9.4.0
[0.227s] -- Check for working C compiler: /usr/bin/cc
[0.362s] -- Check for working C compiler: /usr/bin/cc -- works
[0.366s] -- Detecting C compiler ABI info
[0.471s] -- Detecting C compiler ABI info - done
[0.498s] -- Detecting C compile features
[0.499s] -- Detecting C compile features - done
[0.506s] -- Check for working CXX compiler: /usr/bin/c++
[0.646s] -- Check for working CXX compiler: /usr/bin/c++ -- works
[0.650s] -- Detecting CXX compiler ABI info
[0.775s] -- Detecting CXX compiler ABI info - done
[0.803s] -- Detecting CXX compile features
[0.805s] -- Detecting CXX compile features - done
[0.810s] -- Found ament_cmake: 0.9.11 (/opt/ros/foxy/share/ament_cmake/cmake)
[0.842s] -- Found PythonInterp: /usr/bin/python3 (found suitable version "3.8.10", minimum required is "3") 
[0.843s] -- Using PYTHON_EXECUTABLE: /usr/bin/python3
[1.154s] -- Found rclcpp: 2.4.2 (/opt/ros/foxy/share/rclcpp/cmake)
[1.221s] -- Using all available rosidl_typesupport_c: rosidl_typesupport_fastrtps_c;rosidl_typesupport_introspection_c
[1.231s] -- Found rosidl_adapter: 1.3.0 (/opt/ros/foxy/share/rosidl_adapter/cmake)
[1.340s] -- Found OpenSSL: /usr/lib/x86_64-linux-gnu/libcrypto.so (found version "1.1.1f")  
[1.394s] -- Found FastRTPS: /opt/ros/foxy/include  
[1.513s] -- Using all available rosidl_typesupport_cpp: rosidl_typesupport_fastrtps_cpp;rosidl_typesupport_introspection_cpp
[1.612s] -- Found rmw_implementation_cmake: 1.0.3 (/opt/ros/foxy/share/rmw_implementation_cmake/cmake)
[1.615s] -- Using RMW implementation 'rmw_fastrtps_cpp' as default
[1.619s] -- Looking for pthread.h
[1.731s] -- Looking for pthread.h - found
[1.732s] -- Performing Test CMAKE_HAVE_LIBC_PTHREAD
[1.847s] -- Performing Test CMAKE_HAVE_LIBC_PTHREAD - Failed
[1.848s] -- Looking for pthread_create in pthreads
[1.940s] -- Looking for pthread_create in pthreads - not found
[1.942s] -- Looking for pthread_create in pthread
[2.051s] -- Looking for pthread_create in pthread - found
[2.053s] -- Found Threads: TRUE  
[2.370s] -- Found geometry_msgs: 2.0.5 (/opt/ros/foxy/share/geometry_msgs/cmake)
[2.446s] -- Found ament_lint_auto: 0.9.7 (/opt/ros/foxy/share/ament_lint_auto/cmake)
[2.528s] CMake Error at /opt/ros/foxy/share/ament_cmake_core/cmake/core/ament_package_xml.cmake:53 (message):
[2.528s]   ament_package_xml() package name 'cdpr_controller' in '/package.xml' does
[2.532s]   not match current PROJECT_NAME 'robot_control_pubsub'.  You must call
[2.532s]   project() with the same package name before.
[2.533s] Call Stack (most recent call first):
[2.534s]   /opt/ros/foxy/share/ament_lint_auto/cmake/ament_lint_auto_find_test_dependencies.cmake:31 (ament_package_xml)
[2.534s]   CMakeLists.txt:45 (ament_lint_auto_find_test_dependencies)
[2.535s] 
[2.535s] 
[2.536s] -- Configuring incomplete, errors occurred!
[2.537s] See also "/home/dyxcvi/Documents/ROS2_CDPR_Controller/build/cdpr_controller/CMakeFiles/CMakeOutput.log".
[2.537s] See also "/home/dyxcvi/Documents/ROS2_CDPR_Controller/build/cdpr_controller/CMakeFiles/CMakeError.log".
[2.549s] Invoked command in '/home/dyxcvi/Documents/ROS2_CDPR_Controller/build/cdpr_controller' returned '1': CMAKE_PREFIX_PATH=/opt/ros/foxy /usr/bin/cmake /home/dyxcvi/Documents/ROS2_CDPR_Controller -DCMAKE_INSTALL_PREFIX=/home/dyxcvi/Documents/ROS2_CDPR_Controller/install/cdpr_controller
