[0.245s] DEBUG:colcon:Command line arguments: ['/usr/bin/colcon', 'build']
[0.245s] DEBUG:colcon:Parsed command line arguments: Namespace(allow_overriding=[], ament_cmake_args=None, base_paths=['.'], build_base='build', catkin_cmake_args=None, catkin_skip_building_tests=False, cmake_args=None, cmake_clean_cache=False, cmake_clean_first=False, cmake_force_configure=False, cmake_target=None, cmake_target_skip_unavailable=False, continue_on_error=False, event_handlers=None, executor='parallel', ignore_user_meta=False, install_base='install', log_base=None, log_level=None, main=<bound method BuildVerb.main of <colcon_core.verb.build.BuildVerb object at 0x7f7b4c745c10>>, merge_install=False, metas=['./colcon.meta'], packages_above=None, packages_above_and_dependencies=None, packages_above_depth=None, packages_end=None, packages_ignore=None, packages_ignore_regex=None, packages_select=None, packages_select_build_failed=False, packages_select_by_dep=None, packages_select_regex=None, packages_select_test_failures=False, packages_skip=None, packages_skip_build_finished=False, packages_skip_by_dep=None, packages_skip_regex=None, packages_skip_test_passed=False, packages_skip_up_to=None, packages_start=None, packages_up_to=None, packages_up_to_regex=None, parallel_workers=1, paths=None, symlink_install=False, test_result_base=None, verb_extension=<colcon_core.verb.build.BuildVerb object at 0x7f7b4c745c10>, verb_name='build', verb_parser=<colcon_defaults.argument_parser.defaults.DefaultArgumentsDecorator object at 0x7f7b4c74f1c0>)
[0.277s] Level 1:colcon.colcon_core.package_discovery:discover_packages(colcon_meta) check parameters
[0.277s] Level 1:colcon.colcon_core.package_discovery:discover_packages(recursive) check parameters
[0.278s] Level 1:colcon.colcon_core.package_discovery:discover_packages(ignore) check parameters
[0.278s] Level 1:colcon.colcon_core.package_discovery:discover_packages(path) check parameters
[0.278s] Level 1:colcon.colcon_core.package_discovery:discover_packages(colcon_meta) discover
[0.278s] Level 1:colcon.colcon_core.package_discovery:discover_packages(recursive) discover
[0.278s] INFO:colcon.colcon_core.package_discovery:Crawling recursively for packages in '/home/dyxcvi/Documents/ROS2_CDPR_Controller'
[0.279s] Level 1:colcon.colcon_core.package_identification:_identify(.) by extensions ['ignore', 'ignore_ament_install']
[0.279s] Level 1:colcon.colcon_core.package_identification:_identify(.) by extension 'ignore'
[0.279s] Level 1:colcon.colcon_core.package_identification:_identify(.) by extension 'ignore_ament_install'
[0.279s] Level 1:colcon.colcon_core.package_identification:_identify(.) by extensions ['colcon_pkg']
[0.279s] Level 1:colcon.colcon_core.package_identification:_identify(.) by extension 'colcon_pkg'
[0.280s] Level 1:colcon.colcon_core.package_identification:_identify(.) by extensions ['colcon_meta']
[0.280s] Level 1:colcon.colcon_core.package_identification:_identify(.) by extension 'colcon_meta'
[0.280s] Level 1:colcon.colcon_core.package_identification:_identify(.) by extensions ['ros']
[0.280s] Level 1:colcon.colcon_core.package_identification:_identify(.) by extension 'ros'
[0.299s] DEBUG:colcon.colcon_core.package_identification:Package '.' with type 'ros.ament_cmake' and name 'robot_control_pubsub'
[0.299s] Level 1:colcon.colcon_core.package_discovery:discover_packages(recursive) using defaults
[0.299s] Level 1:colcon.colcon_core.package_discovery:discover_packages(ignore) discover
[0.299s] Level 1:colcon.colcon_core.package_discovery:discover_packages(ignore) using defaults
[0.300s] Level 1:colcon.colcon_core.package_discovery:discover_packages(path) discover
[0.300s] Level 1:colcon.colcon_core.package_discovery:discover_packages(path) using defaults
[0.344s] Level 1:colcon.colcon_core.package_discovery:discover_packages(prefix_path) check parameters
[0.345s] Level 1:colcon.colcon_core.package_discovery:discover_packages(prefix_path) discover
[0.350s] DEBUG:colcon.colcon_installed_package_information.package_discovery:Found 259 installed packages in /opt/ros/foxy
[0.353s] Level 1:colcon.colcon_core.package_discovery:discover_packages(prefix_path) using defaults
[0.471s] Level 5:colcon.colcon_core.verb:set package 'robot_control_pubsub' build argument 'cmake_args' from command line to 'None'
[0.471s] Level 5:colcon.colcon_core.verb:set package 'robot_control_pubsub' build argument 'cmake_target' from command line to 'None'
[0.471s] Level 5:colcon.colcon_core.verb:set package 'robot_control_pubsub' build argument 'cmake_target_skip_unavailable' from command line to 'False'
[0.471s] Level 5:colcon.colcon_core.verb:set package 'robot_control_pubsub' build argument 'cmake_clean_cache' from command line to 'False'
[0.471s] Level 5:colcon.colcon_core.verb:set package 'robot_control_pubsub' build argument 'cmake_clean_first' from command line to 'False'
[0.472s] Level 5:colcon.colcon_core.verb:set package 'robot_control_pubsub' build argument 'cmake_force_configure' from command line to 'False'
[0.472s] Level 5:colcon.colcon_core.verb:set package 'robot_control_pubsub' build argument 'ament_cmake_args' from command line to 'None'
[0.472s] Level 5:colcon.colcon_core.verb:set package 'robot_control_pubsub' build argument 'catkin_cmake_args' from command line to 'None'
[0.472s] Level 5:colcon.colcon_core.verb:set package 'robot_control_pubsub' build argument 'catkin_skip_building_tests' from command line to 'False'
[0.472s] DEBUG:colcon.colcon_core.verb:Building package 'robot_control_pubsub' with the following arguments: {'ament_cmake_args': None, 'build_base': '/home/dyxcvi/Documents/ROS2_CDPR_Controller/build/robot_control_pubsub', 'catkin_cmake_args': None, 'catkin_skip_building_tests': False, 'cmake_args': None, 'cmake_clean_cache': False, 'cmake_clean_first': False, 'cmake_force_configure': False, 'cmake_target': None, 'cmake_target_skip_unavailable': False, 'install_base': '/home/dyxcvi/Documents/ROS2_CDPR_Controller/install/robot_control_pubsub', 'merge_install': False, 'path': '/home/dyxcvi/Documents/ROS2_CDPR_Controller', 'symlink_install': False, 'test_result_base': None}
[0.473s] INFO:colcon.colcon_core.executor:Executing jobs using 'parallel' executor
[0.479s] DEBUG:colcon.colcon_parallel_executor.executor.parallel:run_until_complete
[0.479s] INFO:colcon.colcon_ros.task.ament_cmake.build:Building ROS package in '/home/dyxcvi/Documents/ROS2_CDPR_Controller' with build type 'ament_cmake'
[0.480s] INFO:colcon.colcon_cmake.task.cmake.build:Building CMake package in '/home/dyxcvi/Documents/ROS2_CDPR_Controller'
[0.491s] INFO:colcon.colcon_core.plugin_system:Skipping extension 'colcon_core.shell.bat': Not used on non-Windows systems
[0.492s] INFO:colcon.colcon_core.shell:Skip shell extension 'powershell' for command environment: Not usable outside of PowerShell
[0.492s] DEBUG:colcon.colcon_core.shell:Skip shell extension 'dsv' for command environment
[0.513s] DEBUG:colcon.colcon_core.event_handler.log_command:Invoking command in '/home/dyxcvi/Documents/ROS2_CDPR_Controller/build/robot_control_pubsub': CMAKE_PREFIX_PATH=/opt/ros/foxy /usr/bin/cmake --build /home/dyxcvi/Documents/ROS2_CDPR_Controller/build/robot_control_pubsub -- -j1 -l1
[5.149s] DEBUG:colcon.colcon_core.event_handler.log_command:Invoked command in '/home/dyxcvi/Documents/ROS2_CDPR_Controller/build/robot_control_pubsub' returned '0': CMAKE_PREFIX_PATH=/opt/ros/foxy /usr/bin/cmake --build /home/dyxcvi/Documents/ROS2_CDPR_Controller/build/robot_control_pubsub -- -j1 -l1
[5.201s] DEBUG:colcon.colcon_core.event_handler.log_command:Invoking command in '/home/dyxcvi/Documents/ROS2_CDPR_Controller/build/robot_control_pubsub': CMAKE_PREFIX_PATH=/opt/ros/foxy /usr/bin/cmake --install /home/dyxcvi/Documents/ROS2_CDPR_Controller/build/robot_control_pubsub
[5.258s] Level 1:colcon.colcon_core.environment:create_environment_scripts_only(robot_control_pubsub)
[5.265s] DEBUG:colcon.colcon_core.event_handler.log_command:Invoked command in '/home/dyxcvi/Documents/ROS2_CDPR_Controller/build/robot_control_pubsub' returned '0': CMAKE_PREFIX_PATH=/opt/ros/foxy /usr/bin/cmake --install /home/dyxcvi/Documents/ROS2_CDPR_Controller/build/robot_control_pubsub
[5.271s] Level 1:colcon.colcon_core.environment:checking '/home/dyxcvi/Documents/ROS2_CDPR_Controller/install/robot_control_pubsub' for CMake module files
[5.272s] Level 1:colcon.colcon_core.environment:checking '/home/dyxcvi/Documents/ROS2_CDPR_Controller/install/robot_control_pubsub' for CMake config files
[5.273s] Level 1:colcon.colcon_core.shell:create_environment_hook('robot_control_pubsub', 'cmake_prefix_path')
[5.275s] INFO:colcon.colcon_core.shell:Creating environment hook '/home/dyxcvi/Documents/ROS2_CDPR_Controller/install/robot_control_pubsub/share/robot_control_pubsub/hook/cmake_prefix_path.ps1'
[5.300s] INFO:colcon.colcon_core.shell:Creating environment descriptor '/home/dyxcvi/Documents/ROS2_CDPR_Controller/install/robot_control_pubsub/share/robot_control_pubsub/hook/cmake_prefix_path.dsv'
[5.316s] INFO:colcon.colcon_core.shell:Creating environment hook '/home/dyxcvi/Documents/ROS2_CDPR_Controller/install/robot_control_pubsub/share/robot_control_pubsub/hook/cmake_prefix_path.sh'
[5.318s] Level 1:colcon.colcon_core.environment:checking '/home/dyxcvi/Documents/ROS2_CDPR_Controller/install/robot_control_pubsub/lib'
[5.318s] Level 1:colcon.colcon_core.environment:checking '/home/dyxcvi/Documents/ROS2_CDPR_Controller/install/robot_control_pubsub/bin'
[5.319s] Level 1:colcon.colcon_core.environment:checking '/home/dyxcvi/Documents/ROS2_CDPR_Controller/install/robot_control_pubsub/lib/pkgconfig/robot_control_pubsub.pc'
[5.319s] Level 1:colcon.colcon_core.environment:checking '/home/dyxcvi/Documents/ROS2_CDPR_Controller/install/robot_control_pubsub/lib/python3.8/site-packages'
[5.320s] Level 1:colcon.colcon_core.environment:checking '/home/dyxcvi/Documents/ROS2_CDPR_Controller/install/robot_control_pubsub/bin'
[5.322s] INFO:colcon.colcon_core.shell:Creating package script '/home/dyxcvi/Documents/ROS2_CDPR_Controller/install/robot_control_pubsub/share/robot_control_pubsub/package.ps1'
[5.324s] INFO:colcon.colcon_core.shell:Creating package descriptor '/home/dyxcvi/Documents/ROS2_CDPR_Controller/install/robot_control_pubsub/share/robot_control_pubsub/package.dsv'
[5.325s] INFO:colcon.colcon_core.shell:Creating package script '/home/dyxcvi/Documents/ROS2_CDPR_Controller/install/robot_control_pubsub/share/robot_control_pubsub/package.sh'
[5.327s] INFO:colcon.colcon_core.shell:Creating package script '/home/dyxcvi/Documents/ROS2_CDPR_Controller/install/robot_control_pubsub/share/robot_control_pubsub/package.bash'
[5.329s] INFO:colcon.colcon_core.shell:Creating package script '/home/dyxcvi/Documents/ROS2_CDPR_Controller/install/robot_control_pubsub/share/robot_control_pubsub/package.zsh'
[5.331s] Level 1:colcon.colcon_core.environment:create_file_with_runtime_dependencies(/home/dyxcvi/Documents/ROS2_CDPR_Controller/install/robot_control_pubsub/share/colcon-core/packages/robot_control_pubsub)
[5.375s] Level 1:colcon.colcon_core.environment:create_environment_scripts_only(robot_control_pubsub)
[5.378s] Level 1:colcon.colcon_core.environment:checking '/home/dyxcvi/Documents/ROS2_CDPR_Controller/install/robot_control_pubsub' for CMake module files
[5.379s] Level 1:colcon.colcon_core.environment:checking '/home/dyxcvi/Documents/ROS2_CDPR_Controller/install/robot_control_pubsub' for CMake config files
[5.380s] Level 1:colcon.colcon_core.shell:create_environment_hook('robot_control_pubsub', 'cmake_prefix_path')
[5.382s] INFO:colcon.colcon_core.shell:Creating environment hook '/home/dyxcvi/Documents/ROS2_CDPR_Controller/install/robot_control_pubsub/share/robot_control_pubsub/hook/cmake_prefix_path.ps1'
[5.383s] INFO:colcon.colcon_core.shell:Creating environment descriptor '/home/dyxcvi/Documents/ROS2_CDPR_Controller/install/robot_control_pubsub/share/robot_control_pubsub/hook/cmake_prefix_path.dsv'
[5.384s] INFO:colcon.colcon_core.shell:Creating environment hook '/home/dyxcvi/Documents/ROS2_CDPR_Controller/install/robot_control_pubsub/share/robot_control_pubsub/hook/cmake_prefix_path.sh'
[5.392s] Level 1:colcon.colcon_core.environment:checking '/home/dyxcvi/Documents/ROS2_CDPR_Controller/install/robot_control_pubsub/lib'
[5.392s] Level 1:colcon.colcon_core.environment:checking '/home/dyxcvi/Documents/ROS2_CDPR_Controller/install/robot_control_pubsub/bin'
[5.393s] Level 1:colcon.colcon_core.environment:checking '/home/dyxcvi/Documents/ROS2_CDPR_Controller/install/robot_control_pubsub/lib/pkgconfig/robot_control_pubsub.pc'
[5.393s] Level 1:colcon.colcon_core.environment:checking '/home/dyxcvi/Documents/ROS2_CDPR_Controller/install/robot_control_pubsub/lib/python3.8/site-packages'
[5.394s] Level 1:colcon.colcon_core.environment:checking '/home/dyxcvi/Documents/ROS2_CDPR_Controller/install/robot_control_pubsub/bin'
[5.396s] INFO:colcon.colcon_core.shell:Creating package script '/home/dyxcvi/Documents/ROS2_CDPR_Controller/install/robot_control_pubsub/share/robot_control_pubsub/package.ps1'
[5.397s] INFO:colcon.colcon_core.shell:Creating package descriptor '/home/dyxcvi/Documents/ROS2_CDPR_Controller/install/robot_control_pubsub/share/robot_control_pubsub/package.dsv'
[5.398s] INFO:colcon.colcon_core.shell:Creating package script '/home/dyxcvi/Documents/ROS2_CDPR_Controller/install/robot_control_pubsub/share/robot_control_pubsub/package.sh'
[5.399s] INFO:colcon.colcon_core.shell:Creating package script '/home/dyxcvi/Documents/ROS2_CDPR_Controller/install/robot_control_pubsub/share/robot_control_pubsub/package.bash'
[5.400s] INFO:colcon.colcon_core.shell:Creating package script '/home/dyxcvi/Documents/ROS2_CDPR_Controller/install/robot_control_pubsub/share/robot_control_pubsub/package.zsh'
[5.401s] Level 1:colcon.colcon_core.environment:create_file_with_runtime_dependencies(/home/dyxcvi/Documents/ROS2_CDPR_Controller/install/robot_control_pubsub/share/colcon-core/packages/robot_control_pubsub)
[5.404s] DEBUG:colcon.colcon_parallel_executor.executor.parallel:closing loop
[5.405s] DEBUG:colcon.colcon_parallel_executor.executor.parallel:loop closed
[5.405s] DEBUG:colcon.colcon_parallel_executor.executor.parallel:run_until_complete finished with '0'
[5.405s] DEBUG:colcon.colcon_core.event_reactor:joining thread
[5.415s] INFO:colcon.colcon_core.plugin_system:Skipping extension 'colcon_notification.desktop_notification.terminal_notifier': Not used on non-Darwin systems
[5.415s] INFO:colcon.colcon_core.plugin_system:Skipping extension 'colcon_notification.desktop_notification.win32': Not used on non-Windows systems
[5.416s] INFO:colcon.colcon_notification.desktop_notification:Sending desktop notification using 'notify2'
[5.438s] DEBUG:colcon.colcon_core.event_reactor:joined thread
[5.441s] INFO:colcon.colcon_core.shell:Creating prefix script '/home/dyxcvi/Documents/ROS2_CDPR_Controller/install/local_setup.ps1'
[5.448s] INFO:colcon.colcon_core.shell:Creating prefix util module '/home/dyxcvi/Documents/ROS2_CDPR_Controller/install/_local_setup_util_ps1.py'
[5.451s] INFO:colcon.colcon_core.shell:Creating prefix chain script '/home/dyxcvi/Documents/ROS2_CDPR_Controller/install/setup.ps1'
[5.457s] INFO:colcon.colcon_core.shell:Creating prefix script '/home/dyxcvi/Documents/ROS2_CDPR_Controller/install/local_setup.sh'
[5.458s] INFO:colcon.colcon_core.shell:Creating prefix util module '/home/dyxcvi/Documents/ROS2_CDPR_Controller/install/_local_setup_util_sh.py'
[5.459s] INFO:colcon.colcon_core.shell:Creating prefix chain script '/home/dyxcvi/Documents/ROS2_CDPR_Controller/install/setup.sh'
[5.471s] INFO:colcon.colcon_core.shell:Creating prefix script '/home/dyxcvi/Documents/ROS2_CDPR_Controller/install/local_setup.bash'
[5.472s] INFO:colcon.colcon_core.shell:Creating prefix chain script '/home/dyxcvi/Documents/ROS2_CDPR_Controller/install/setup.bash'
[5.475s] INFO:colcon.colcon_core.shell:Creating prefix script '/home/dyxcvi/Documents/ROS2_CDPR_Controller/install/local_setup.zsh'
[5.476s] INFO:colcon.colcon_core.shell:Creating prefix chain script '/home/dyxcvi/Documents/ROS2_CDPR_Controller/install/setup.zsh'
