[0.026s] Invoking command in '/home/dyxcvi/Documents/ROS2_CDPR_Controller/build/robot_control_pubsub': CMAKE_PREFIX_PATH=/opt/ros/foxy /usr/bin/cmake --build /home/dyxcvi/Documents/ROS2_CDPR_Controller/build/robot_control_pubsub -- -j1 -l1
[0.122s] [ 16%] Built target RobotModel-lib
[0.151s] [ 33%] Built target MotorController-lib
[0.175s] [ 50%] Built target TrajectoryGenerator-lib
[0.211s] [ 66%] Built target robotNode
[0.245s] [ 83%] Built target motorNode
[0.271s] [35m[1mScanning dependencies of target userNode[0m
[0.335s] [ 91%] [32mBuilding CXX object CMakeFiles/userNode.dir/src/UserNode.cpp.o[0m
[0.578s] [01m[K/home/dyxcvi/Documents/ROS2_CDPR_Controller/src/UserNode.cpp:26:54:[m[K [01;35m[Kwarning: [m[Kcharacter constant too long for its type
[0.578s]    26 |       this->create_subscription<std_msgs::msg::Bool>([01;35m[K'ready_flag'[m[K, 10, std::bind(&readyFlagCallback, this, _std::placeholders::1))
[0.579s]       |                                                      [01;35m[K^~~~~~~~~~~~[m[K
[2.157s] [01m[K/home/dyxcvi/Documents/ROS2_CDPR_Controller/src/UserNode.cpp:[m[K In constructor ‘[01m[KUserNode::UserNode()[m[K’:
[2.158s] [01m[K/home/dyxcvi/Documents/ROS2_CDPR_Controller/src/UserNode.cpp:26:83:[m[K [01;31m[Kerror: [m[KISO C++ forbids taking the address of an unqualified or parenthesized non-static member function to form a pointer to member function.  Say ‘[01m[K&UserNode::readyFlagCallback[m[K’ [[01;31m[K-fpermissive[m[K]
[2.159s]    26 |       this->create_subscription<std_msgs::msg::Bool>('ready_flag', 10, std::bind(&[01;31m[KreadyFlagCallback[m[K, this, _std::placeholders::1))
[2.159s]       |                                                                                   [01;31m[K^~~~~~~~~~~~~~~~~[m[K
[2.160s] [01m[K/home/dyxcvi/Documents/ROS2_CDPR_Controller/src/UserNode.cpp:26:108:[m[K [01;31m[Kerror: [m[K‘[01m[K_std[m[K’ has not been declared
[2.161s]    26 |       this->create_subscription<std_msgs::msg::Bool>('ready_flag', 10, std::bind(&readyFlagCallback, this, [01;31m[K_std[m[K::placeholders::1))
[2.161s]       |                                                                                                            [01;31m[K^~~~[m[K
[2.162s] [01m[K/home/dyxcvi/Documents/ROS2_CDPR_Controller/src/UserNode.cpp:26:128:[m[K [01;31m[Kerror: [m[Kexpected unqualified-id before numeric constant
[2.163s]    26 |       this->create_subscription<std_msgs::msg::Bool>('ready_flag', 10, std::bind(&readyFlagCallback, this, _std::placeholders::[01;31m[K1[m[K))
[2.163s]       |                                                                                                                                [01;31m[K^[m[K
[3.297s] make[2]: *** [CMakeFiles/userNode.dir/build.make:63: CMakeFiles/userNode.dir/src/UserNode.cpp.o] Error 1
[3.300s] make[1]: *** [CMakeFiles/Makefile2:277: CMakeFiles/userNode.dir/all] Error 2
[3.301s] make: *** [Makefile:141: all] Error 2
[3.302s] Invoked command in '/home/dyxcvi/Documents/ROS2_CDPR_Controller/build/robot_control_pubsub' returned '2': CMAKE_PREFIX_PATH=/opt/ros/foxy /usr/bin/cmake --build /home/dyxcvi/Documents/ROS2_CDPR_Controller/build/robot_control_pubsub -- -j1 -l1
