[0.026s] Invoking command in '/home/dyxcvi/Documents/ROS2_CDPR_Controller/build/robot_control_pubsub': CMAKE_PREFIX_PATH=/opt/ros/foxy /usr/bin/cmake --build /home/dyxcvi/Documents/ROS2_CDPR_Controller/build/robot_control_pubsub -- -j1 -l1
[0.095s] [ 16%] Built target RobotModel-lib
[0.119s] [ 33%] Built target MotorController-lib
[0.141s] [ 50%] Built target TrajectoryGenerator-lib
[0.178s] [ 66%] Built target robotNode
[0.215s] [ 83%] Built target motorNode
[0.229s] [35m[1mScanning dependencies of target userNode[0m
[0.295s] [ 91%] [32mBuilding CXX object CMakeFiles/userNode.dir/src/UserNode.cpp.o[0m
[0.548s] [01m[K/home/dyxcvi/Documents/ROS2_CDPR_Controller/src/UserNode.cpp:25:54:[m[K [01;35m[Kwarning: [m[Kcharacter constant too long for its type
[0.549s]    25 |       this->create_subscription<std_msgs::msg::Bool>([01;35m[K'ready_flag'[m[K, 10, std::bind(&EposNode::readyFlagCallback, this, _1))
[0.550s]       |                                                      [01;35m[K^~~~~~~~~~~~[m[K
[2.140s] [01m[K/home/dyxcvi/Documents/ROS2_CDPR_Controller/src/UserNode.cpp:[m[K In constructor ‘[01m[KUserNode::UserNode()[m[K’:
[2.141s] [01m[K/home/dyxcvi/Documents/ROS2_CDPR_Controller/src/UserNode.cpp:23:88:[m[K [01;31m[Kerror: [m[Kno match for ‘[01m[Koperator=[m[K’ (operand types are ‘[01m[Krclcpp::Publisher<std_msgs::msg::String_<std::allocator<void> > >::SharedPtr[m[K’ {aka ‘[01m[Kstd::shared_ptr<rclcpp::Publisher<std_msgs::msg::String_<std::allocator<void> > > >[m[K’} and ‘[01m[Kstd::shared_ptr<rclcpp::Publisher<geometry_msgs::msg::Point_<std::allocator<void> >, std::allocator<void> > >[m[K’)
[2.142s]    23 |       publisher_ = this->create_publisher<geometry_msgs::msg::Point >("desired_pos", 10[01;31m[K)[m[K;
[2.143s]       |                                                                                        [01;31m[K^[m[K
[2.144s] In file included from [01m[K/usr/include/c++/9/memory:81[m[K,
[2.144s]                  from [01m[K/home/dyxcvi/Documents/ROS2_CDPR_Controller/src/UserNode.cpp:2[m[K:
[2.145s] [01m[K/usr/include/c++/9/bits/shared_ptr.h:309:19:[m[K [01;36m[Knote: [m[Kcandidate: ‘[01m[Kstd::shared_ptr<_Tp>& std::shared_ptr<_Tp>::operator=(const std::shared_ptr<_Tp>&) [with _Tp = rclcpp::Publisher<std_msgs::msg::String_<std::allocator<void> > >][m[K’
[2.146s]   309 |       shared_ptr& [01;36m[Koperator[m[K=(const shared_ptr&) noexcept = default;
[2.146s]       |                   [01;36m[K^~~~~~~~[m[K
[2.147s] [01m[K/usr/include/c++/9/bits/shared_ptr.h:309:29:[m[K [01;36m[Knote: [m[K  no known conversion for argument 1 from ‘[01m[Kstd::shared_ptr<rclcpp::Publisher<geometry_msgs::msg::Point_<std::allocator<void> >, std::allocator<void> > >[m[K’ to ‘[01m[Kconst std::shared_ptr<rclcpp::Publisher<std_msgs::msg::String_<std::allocator<void> > > >&[m[K’
[2.147s]   309 |       shared_ptr& operator=([01;36m[Kconst shared_ptr&[m[K) noexcept = default;
[2.147s]       |                             [01;36m[K^~~~~~~~~~~~~~~~~[m[K
[2.149s] [01m[K/usr/include/c++/9/bits/shared_ptr.h:313:2:[m[K [01;36m[Knote: [m[Kcandidate: ‘[01m[Ktemplate<class _Yp> std::shared_ptr<_Tp>::_Assignable<const std::shared_ptr<_Yp>&> std::shared_ptr<_Tp>::operator=(const std::shared_ptr<_Yp>&) [with _Yp = _Yp; _Tp = rclcpp::Publisher<std_msgs::msg::String_<std::allocator<void> > >][m[K’
[2.149s]   313 |  [01;36m[Koperator[m[K=(const shared_ptr<_Yp>& __r) noexcept
[2.150s]       |  [01;36m[K^~~~~~~~[m[K
[2.150s] [01m[K/usr/include/c++/9/bits/shared_ptr.h:313:2:[m[K [01;36m[Knote: [m[K  template argument deduction/substitution failed:
[2.150s] /usr/include/c++/9/bits/shared_ptr.h: In substitution of ‘[01m[Ktemplate<class _Tp> template<class _Arg> using _Assignable = typename std::enable_if<std::is_assignable<std::__shared_ptr<_Tp>&, _Arg>::value, std::shared_ptr<_Tp>&>::type [with _Arg = const std::shared_ptr<rclcpp::Publisher<geometry_msgs::msg::Point_<std::allocator<void> >, std::allocator<void> > >&; _Tp = rclcpp::Publisher<std_msgs::msg::String_<std::allocator<void> > >][m[K’:
[2.150s] [01m[K/usr/include/c++/9/bits/shared_ptr.h:313:2:[m[K   required by substitution of ‘[01m[Ktemplate<class _Yp> std::shared_ptr<rclcpp::Publisher<std_msgs::msg::String_<std::allocator<void> > > >::_Assignable<const std::shared_ptr<_Tp>&> std::shared_ptr<rclcpp::Publisher<std_msgs::msg::String_<std::allocator<void> > > >::operator=<_Yp>(const std::shared_ptr<_Tp>&) [with _Yp = rclcpp::Publisher<geometry_msgs::msg::Point_<std::allocator<void> >, std::allocator<void> >][m[K’
[2.150s] [01m[K/home/dyxcvi/Documents/ROS2_CDPR_Controller/src/UserNode.cpp:23:88:[m[K   required from here
[2.151s] [01m[K/usr/include/c++/9/bits/shared_ptr.h:111:8:[m[K [01;31m[Kerror: [m[Kno type named ‘[01m[Ktype[m[K’ in ‘[01m[Kstruct std::enable_if<false, std::shared_ptr<rclcpp::Publisher<std_msgs::msg::String_<std::allocator<void> > > >&>[m[K’
[2.151s]   111 |  using [01;31m[K_Assignable[m[K = typename enable_if<
[2.151s]       |        [01;31m[K^~~~~~~~~~~[m[K
[2.155s] [01m[K/usr/include/c++/9/bits/shared_ptr.h:324:2:[m[K [01;36m[Knote: [m[Kcandidate: ‘[01m[Ktemplate<class _Yp> std::shared_ptr<_Tp>::_Assignable<std::auto_ptr<_Up> > std::shared_ptr<_Tp>::operator=(std::auto_ptr<_Up>&&) [with _Yp = _Yp; _Tp = rclcpp::Publisher<std_msgs::msg::String_<std::allocator<void> > >][m[K’
[2.155s]   324 |  [01;36m[Koperator[m[K=(auto_ptr<_Yp>&& __r)
[2.155s]       |  [01;36m[K^~~~~~~~[m[K
[2.156s] [01m[K/usr/include/c++/9/bits/shared_ptr.h:324:2:[m[K [01;36m[Knote: [m[K  template argument deduction/substitution failed:
[2.156s] [01m[K/home/dyxcvi/Documents/ROS2_CDPR_Controller/src/UserNode.cpp:23:88:[m[K [01;36m[Knote: [m[K  ‘[01m[Kstd::shared_ptr<rclcpp::Publisher<geometry_msgs::msg::Point_<std::allocator<void> >, std::allocator<void> > >[m[K’ is not derived from ‘[01m[Kstd::auto_ptr<_Up>[m[K’
[2.156s]    23 |       publisher_ = this->create_publisher<geometry_msgs::msg::Point >("desired_pos", 10[01;36m[K)[m[K;
[2.156s]       |                                                                                        [01;36m[K^[m[K
[2.157s] In file included from [01m[K/usr/include/c++/9/memory:81[m[K,
[2.158s]                  from [01m[K/home/dyxcvi/Documents/ROS2_CDPR_Controller/src/UserNode.cpp:2[m[K:
[2.158s] [01m[K/usr/include/c++/9/bits/shared_ptr.h:333:7:[m[K [01;36m[Knote: [m[Kcandidate: ‘[01m[Kstd::shared_ptr<_Tp>& std::shared_ptr<_Tp>::operator=(std::shared_ptr<_Tp>&&) [with _Tp = rclcpp::Publisher<std_msgs::msg::String_<std::allocator<void> > >][m[K’
[2.158s]   333 |       [01;36m[Koperator[m[K=(shared_ptr&& __r) noexcept
[2.158s]       |       [01;36m[K^~~~~~~~[m[K
[2.158s] [01m[K/usr/include/c++/9/bits/shared_ptr.h:333:30:[m[K [01;36m[Knote: [m[K  no known conversion for argument 1 from ‘[01m[Kstd::shared_ptr<rclcpp::Publisher<geometry_msgs::msg::Point_<std::allocator<void> >, std::allocator<void> > >[m[K’ to ‘[01m[Kstd::shared_ptr<rclcpp::Publisher<std_msgs::msg::String_<std::allocator<void> > > >&&[m[K’
[2.158s]   333 |       operator=([01;36m[Kshared_ptr&& __r[m[K) noexcept
[2.158s]       |                 [01;36m[K~~~~~~~~~~~~~^~~[m[K
[2.158s] [01m[K/usr/include/c++/9/bits/shared_ptr.h:341:2:[m[K [01;36m[Knote: [m[Kcandidate: ‘[01m[Ktemplate<class _Yp> std::shared_ptr<_Tp>::_Assignable<std::shared_ptr<_Yp> > std::shared_ptr<_Tp>::operator=(std::shared_ptr<_Yp>&&) [with _Yp = _Yp; _Tp = rclcpp::Publisher<std_msgs::msg::String_<std::allocator<void> > >][m[K’
[2.158s]   341 |  [01;36m[Koperator[m[K=(shared_ptr<_Yp>&& __r) noexcept
[2.158s]       |  [01;36m[K^~~~~~~~[m[K
[2.159s] [01m[K/usr/include/c++/9/bits/shared_ptr.h:341:2:[m[K [01;36m[Knote: [m[K  template argument deduction/substitution failed:
[2.159s] /usr/include/c++/9/bits/shared_ptr.h: In substitution of ‘[01m[Ktemplate<class _Tp> template<class _Arg> using _Assignable = typename std::enable_if<std::is_assignable<std::__shared_ptr<_Tp>&, _Arg>::value, std::shared_ptr<_Tp>&>::type [with _Arg = std::shared_ptr<rclcpp::Publisher<geometry_msgs::msg::Point_<std::allocator<void> >, std::allocator<void> > >; _Tp = rclcpp::Publisher<std_msgs::msg::String_<std::allocator<void> > >][m[K’:
[2.159s] [01m[K/usr/include/c++/9/bits/shared_ptr.h:341:2:[m[K   required by substitution of ‘[01m[Ktemplate<class _Yp> std::shared_ptr<rclcpp::Publisher<std_msgs::msg::String_<std::allocator<void> > > >::_Assignable<std::shared_ptr<_Tp> > std::shared_ptr<rclcpp::Publisher<std_msgs::msg::String_<std::allocator<void> > > >::operator=<_Yp>(std::shared_ptr<_Tp>&&) [with _Yp = rclcpp::Publisher<geometry_msgs::msg::Point_<std::allocator<void> >, std::allocator<void> >][m[K’
[2.167s] [01m[K/home/dyxcvi/Documents/ROS2_CDPR_Controller/src/UserNode.cpp:23:88:[m[K   required from here
[2.167s] [01m[K/usr/include/c++/9/bits/shared_ptr.h:111:8:[m[K [01;31m[Kerror: [m[Kno type named ‘[01m[Ktype[m[K’ in ‘[01m[Kstruct std::enable_if<false, std::shared_ptr<rclcpp::Publisher<std_msgs::msg::String_<std::allocator<void> > > >&>[m[K’
[2.167s]   111 |  using [01;31m[K_Assignable[m[K = typename enable_if<
[2.167s]       |        [01;31m[K^~~~~~~~~~~[m[K
[2.167s] [01m[K/usr/include/c++/9/bits/shared_ptr.h:349:2:[m[K [01;36m[Knote: [m[Kcandidate: ‘[01m[Ktemplate<class _Yp, class _Del> std::shared_ptr<_Tp>::_Assignable<std::unique_ptr<_Up, _Ep> > std::shared_ptr<_Tp>::operator=(std::unique_ptr<_Up, _Ep>&&) [with _Yp = _Yp; _Del = _Del; _Tp = rclcpp::Publisher<std_msgs::msg::String_<std::allocator<void> > >][m[K’
[2.168s]   349 |  [01;36m[Koperator[m[K=(unique_ptr<_Yp, _Del>&& __r)
[2.168s]       |  [01;36m[K^~~~~~~~[m[K
[2.168s] [01m[K/usr/include/c++/9/bits/shared_ptr.h:349:2:[m[K [01;36m[Knote: [m[K  template argument deduction/substitution failed:
[2.168s] [01m[K/home/dyxcvi/Documents/ROS2_CDPR_Controller/src/UserNode.cpp:23:88:[m[K [01;36m[Knote: [m[K  ‘[01m[Kstd::shared_ptr<rclcpp::Publisher<geometry_msgs::msg::Point_<std::allocator<void> >, std::allocator<void> > >[m[K’ is not derived from ‘[01m[Kstd::unique_ptr<_Tp, _Dp>[m[K’
[2.168s]    23 |       publisher_ = this->create_publisher<geometry_msgs::msg::Point >("desired_pos", 10[01;36m[K)[m[K;
[2.168s]       |                                                                                        [01;36m[K^[m[K
[2.168s] [01m[K/home/dyxcvi/Documents/ROS2_CDPR_Controller/src/UserNode.cpp:25:48:[m[K [01;31m[Kerror: [m[K‘[01m[KBool[m[K’ is not a member of ‘[01m[Kstd_msgs::msg[m[K’
[2.168s]    25 |       this->create_subscription<std_msgs::msg::[01;31m[KBool[m[K>('ready_flag', 10, std::bind(&EposNode::readyFlagCallback, this, _1))
[2.168s]       |                                                [01;31m[K^~~~[m[K
[2.168s] [01m[K/home/dyxcvi/Documents/ROS2_CDPR_Controller/src/UserNode.cpp:25:48:[m[K [01;31m[Kerror: [m[K‘[01m[KBool[m[K’ is not a member of ‘[01m[Kstd_msgs::msg[m[K’
[2.169s] [01m[K/home/dyxcvi/Documents/ROS2_CDPR_Controller/src/UserNode.cpp:25:83:[m[K [01;31m[Kerror: [m[K‘[01m[KEposNode[m[K’ has not been declared
[2.169s]    25 |       this->create_subscription<std_msgs::msg::Bool>('ready_flag', 10, std::bind(&[01;31m[KEposNode[m[K::readyFlagCallback, this, _1))
[2.169s]       |                                                                                   [01;31m[K^~~~~~~~[m[K
[2.169s] [01m[K/home/dyxcvi/Documents/ROS2_CDPR_Controller/src/UserNode.cpp:25:118:[m[K [01;31m[Kerror: [m[K‘[01m[K_1[m[K’ was not declared in this scope; did you mean ‘[01m[Kstd::placeholders::_1[m[K’?
[2.169s]    25 |       this->create_subscription<std_msgs::msg::Bool>('ready_flag', 10, std::bind(&EposNode::readyFlagCallback, this, [01;31m[K_1[m[K))
[2.169s]       |                                                                                                                      [01;31m[K^~[m[K
[2.169s]       |                                                                                                                      [32m[Kstd::placeholders::_1[m[K
[2.169s] In file included from [01m[K/opt/ros/foxy/include/rclcpp/context.hpp:19[m[K,
[2.169s]                  from [01m[K/opt/ros/foxy/include/rclcpp/contexts/default_context.hpp:18[m[K,
[2.169s]                  from [01m[K/opt/ros/foxy/include/rclcpp/executor.hpp:32[m[K,
[2.169s]                  from [01m[K/opt/ros/foxy/include/rclcpp/executors/multi_threaded_executor.hpp:26[m[K,
[2.170s]                  from [01m[K/opt/ros/foxy/include/rclcpp/executors.hpp:21[m[K,
[2.170s]                  from [01m[K/opt/ros/foxy/include/rclcpp/rclcpp.hpp:146[m[K,
[2.170s]                  from [01m[K/home/dyxcvi/Documents/ROS2_CDPR_Controller/src/UserNode.cpp:4[m[K:
[2.170s] [01m[K/usr/include/c++/9/functional:211:34:[m[K [01;36m[Knote: [m[K‘[01m[Kstd::placeholders::_1[m[K’ declared here
[2.170s]   211 |     extern const _Placeholder<1> [01;36m[K_1[m[K;
[2.170s]       |                                  [01;36m[K^~[m[K
[2.183s] [01m[K/home/dyxcvi/Documents/ROS2_CDPR_Controller/src/UserNode.cpp:[m[K In member function ‘[01m[Kvoid UserNode::timer_callback()[m[K’:
[2.183s] [01m[K/home/dyxcvi/Documents/ROS2_CDPR_Controller/src/UserNode.cpp:46:15:[m[K [01;31m[Kerror: [m[K‘[01m[Kstruct geometry_msgs::msg::Point_<std::allocator<void> >[m[K’ has no member named ‘[01m[Kdata[m[K’
[2.183s]    46 |       message.[01;31m[Kdata[m[K = std::to_string(x) + "|" + std::to_string(y);
[2.183s]       |               [01;31m[K^~~~[m[K
[2.195s] [01m[K/home/dyxcvi/Documents/ROS2_CDPR_Controller/src/UserNode.cpp:47:34:[m[K [01;31m[Kerror: [m[Kno matching function for call to ‘[01m[Krclcpp::Publisher<std_msgs::msg::String_<std::allocator<void> > >::publish(geometry_msgs::msg::Point_<std::allocator<void> >&)[m[K’
[2.196s]    47 |       publisher_->publish(message[01;31m[K)[m[K;
[2.196s]       |                                  [01;31m[K^[m[K
[2.196s] In file included from [01m[K/opt/ros/foxy/include/rclcpp/topic_statistics/subscription_topic_statistics.hpp:31[m[K,
[2.196s]                  from [01m[K/opt/ros/foxy/include/rclcpp/subscription.hpp:50[m[K,
[2.196s]                  from [01m[K/opt/ros/foxy/include/rclcpp/any_executable.hpp:25[m[K,
[2.196s]                  from [01m[K/opt/ros/foxy/include/rclcpp/memory_strategy.hpp:24[m[K,
[2.197s]                  from [01m[K/opt/ros/foxy/include/rclcpp/memory_strategies.hpp:18[m[K,
[2.197s]                  from [01m[K/opt/ros/foxy/include/rclcpp/executor_options.hpp:20[m[K,
[2.197s]                  from [01m[K/opt/ros/foxy/include/rclcpp/executor.hpp:33[m[K,
[2.197s]                  from [01m[K/opt/ros/foxy/include/rclcpp/executors/multi_threaded_executor.hpp:26[m[K,
[2.197s]                  from [01m[K/opt/ros/foxy/include/rclcpp/executors.hpp:21[m[K,
[2.197s]                  from [01m[K/opt/ros/foxy/include/rclcpp/rclcpp.hpp:146[m[K,
[2.197s]                  from [01m[K/home/dyxcvi/Documents/ROS2_CDPR_Controller/src/UserNode.cpp:4[m[K:
[2.198s] [01m[K/opt/ros/foxy/include/rclcpp/publisher.hpp:185:3:[m[K [01;36m[Knote: [m[Kcandidate: ‘[01m[Kvoid rclcpp::Publisher<MessageT, AllocatorT>::publish(std::unique_ptr<MessageT, typename std::conditional<std::is_same<typename std::allocator_traits<typename std::allocator_traits<_Alloc>::rebind_traits<MessageT>::allocator_type>::rebind_alloc<MessageT>, typename std::allocator<void>::rebind<_Tp1>::other>::value, std::default_delete<_Tp>, rclcpp::allocator::AllocatorDeleter<typename std::allocator_traits<_Alloc>::rebind_traits<MessageT>::allocator_type> >::type>) [with MessageT = std_msgs::msg::String_<std::allocator<void> >; AllocatorT = std::allocator<void>; typename std::conditional<std::is_same<typename std::allocator_traits<typename std::allocator_traits<_Alloc>::rebind_traits<MessageT>::allocator_type>::rebind_alloc<MessageT>, typename std::allocator<void>::rebind<_Tp1>::other>::value, std::default_delete<_Tp>, rclcpp::allocator::AllocatorDeleter<typename std::allocator_traits<_Alloc>::rebind_traits<MessageT>::allocator_type> >::type = std::default_delete<std_msgs::msg::String_<std::allocator<void> > >][m[K’
[2.198s]   185 |   [01;36m[Kpublish[m[K(std::unique_ptr<MessageT, MessageDeleter> msg)
[2.198s]       |   [01;36m[K^~~~~~~[m[K
[2.199s] [01m[K/opt/ros/foxy/include/rclcpp/publisher.hpp:185:53:[m[K [01;36m[Knote: [m[K  no known conversion for argument 1 from ‘[01m[Kgeometry_msgs::msg::Point_<std::allocator<void> >[m[K’ to ‘[01m[Kstd::unique_ptr<std_msgs::msg::String_<std::allocator<void> >, std::default_delete<std_msgs::msg::String_<std::allocator<void> > > >[m[K’
[2.199s]   185 |   publish([01;36m[Kstd::unique_ptr<MessageT, MessageDeleter> msg[m[K)
[2.199s]       |           [01;36m[K~~~~~~~~~~~~~~~~~~~~~~~~~~~~~~~~~~~~~~~~~~^~~[m[K
[2.200s] [01m[K/opt/ros/foxy/include/rclcpp/publisher.hpp:209:3:[m[K [01;36m[Knote: [m[Kcandidate: ‘[01m[Kvoid rclcpp::Publisher<MessageT, AllocatorT>::publish(const MessageT&) [with MessageT = std_msgs::msg::String_<std::allocator<void> >; AllocatorT = std::allocator<void>][m[K’
[2.200s]   209 |   [01;36m[Kpublish[m[K(const MessageT & msg)
[2.200s]       |   [01;36m[K^~~~~~~[m[K
[2.201s] [01m[K/opt/ros/foxy/include/rclcpp/publisher.hpp:209:28:[m[K [01;36m[Knote: [m[K  no known conversion for argument 1 from ‘[01m[Kgeometry_msgs::msg::Point_<std::allocator<void> >[m[K’ to ‘[01m[Kconst std_msgs::msg::String_<std::allocator<void> >&[m[K’
[2.201s]   209 |   publish([01;36m[Kconst MessageT & msg[m[K)
[2.201s]       |           [01;36m[K~~~~~~~~~~~~~~~~~^~~[m[K
[2.201s] [01m[K/opt/ros/foxy/include/rclcpp/publisher.hpp:226:3:[m[K [01;36m[Knote: [m[Kcandidate: ‘[01m[Kvoid rclcpp::Publisher<MessageT, AllocatorT>::publish(const rcl_serialized_message_t&) [with MessageT = std_msgs::msg::String_<std::allocator<void> >; AllocatorT = std::allocator<void>; rcl_serialized_message_t = rcutils_uint8_array_t][m[K’
[2.203s]   226 |   [01;36m[Kpublish[m[K(const rcl_serialized_message_t & serialized_msg)
[2.203s]       |   [01;36m[K^~~~~~~[m[K
[2.204s] [01m[K/opt/ros/foxy/include/rclcpp/publisher.hpp:226:44:[m[K [01;36m[Knote: [m[K  no known conversion for argument 1 from ‘[01m[Kgeometry_msgs::msg::Point_<std::allocator<void> >[m[K’ to ‘[01m[Kconst rcl_serialized_message_t&[m[K’ {aka ‘[01m[Kconst rcutils_uint8_array_t&[m[K’}
[2.204s]   226 |   publish([01;36m[Kconst rcl_serialized_message_t & serialized_msg[m[K)
[2.204s]       |           [01;36m[K~~~~~~~~~~~~~~~~~~~~~~~~~~~~~~~~~^~~~~~~~~~~~~~[m[K
[2.204s] [01m[K/opt/ros/foxy/include/rclcpp/publisher.hpp:232:3:[m[K [01;36m[Knote: [m[Kcandidate: ‘[01m[Kvoid rclcpp::Publisher<MessageT, AllocatorT>::publish(const rclcpp::SerializedMessage&) [with MessageT = std_msgs::msg::String_<std::allocator<void> >; AllocatorT = std::allocator<void>][m[K’
[2.204s]   232 |   [01;36m[Kpublish[m[K(const SerializedMessage & serialized_msg)
[2.204s]       |   [01;36m[K^~~~~~~[m[K
[2.204s] [01m[K/opt/ros/foxy/include/rclcpp/publisher.hpp:232:37:[m[K [01;36m[Knote: [m[K  no known conversion for argument 1 from ‘[01m[Kgeometry_msgs::msg::Point_<std::allocator<void> >[m[K’ to ‘[01m[Kconst rclcpp::SerializedMessage&[m[K’
[2.204s]   232 |   publish([01;36m[Kconst SerializedMessage & serialized_msg[m[K)
[2.205s]       |           [01;36m[K~~~~~~~~~~~~~~~~~~~~~~~~~~^~~~~~~~~~~~~~[m[K
[2.215s] [01m[K/opt/ros/foxy/include/rclcpp/publisher.hpp:246:3:[m[K [01;36m[Knote: [m[Kcandidate: ‘[01m[Kvoid rclcpp::Publisher<MessageT, AllocatorT>::publish(rclcpp::LoanedMessage<MessageT, AllocatorT>&&) [with MessageT = std_msgs::msg::String_<std::allocator<void> >; AllocatorT = std::allocator<void>][m[K’
[2.215s]   246 |   [01;36m[Kpublish[m[K(rclcpp::LoanedMessage<MessageT, AllocatorT> && loaned_msg)
[2.215s]       |   [01;36m[K^~~~~~~[m[K
[2.216s] [01m[K/opt/ros/foxy/include/rclcpp/publisher.hpp:246:58:[m[K [01;36m[Knote: [m[K  no known conversion for argument 1 from ‘[01m[Kgeometry_msgs::msg::Point_<std::allocator<void> >[m[K’ to ‘[01m[Krclcpp::LoanedMessage<std_msgs::msg::String_<std::allocator<void> >, std::allocator<void> >&&[m[K’
[2.216s]   246 |   publish([01;36m[Krclcpp::LoanedMessage<MessageT, AllocatorT> && loaned_msg[m[K)
[2.216s]       |           [01;36m[K~~~~~~~~~~~~~~~~~~~~~~~~~~~~~~~~~~~~~~~~~~~~~~~^~~~~~~~~~[m[K
[2.216s] [01m[K/home/dyxcvi/Documents/ROS2_CDPR_Controller/src/UserNode.cpp:38:26:[m[K [01;35m[Kwarning: [m[Kunused variable ‘[01m[Kstatus[m[K’ [[01;35m[K-Wunused-variable[m[K]
[2.216s]    38 |       std::future_status [01;35m[Kstatus[m[K = futureCounter.wait_until(std::chrono::system_clock::now() + std::chrono::nanoseconds(100));
[2.216s]       |                          [01;35m[K^~~~~~[m[K
[3.415s] make[2]: *** [CMakeFiles/userNode.dir/build.make:63: CMakeFiles/userNode.dir/src/UserNode.cpp.o] Error 1
[3.416s] make[1]: *** [CMakeFiles/Makefile2:277: CMakeFiles/userNode.dir/all] Error 2
[3.417s] make: *** [Makefile:141: all] Error 2
[3.421s] Invoked command in '/home/dyxcvi/Documents/ROS2_CDPR_Controller/build/robot_control_pubsub' returned '2': CMAKE_PREFIX_PATH=/opt/ros/foxy /usr/bin/cmake --build /home/dyxcvi/Documents/ROS2_CDPR_Controller/build/robot_control_pubsub -- -j1 -l1
