[0.021s] Invoking command in '/home/dyxcvi/Documents/ROS2_CDPR_Controller/build/robot_control_pubsub': CMAKE_PREFIX_PATH=/opt/ros/foxy /usr/bin/cmake --build /home/dyxcvi/Documents/ROS2_CDPR_Controller/build/robot_control_pubsub -- -j1 -l1
[0.081s] [ 16%] Built target RobotModel-lib
[0.105s] [ 33%] Built target MotorController-lib
[0.127s] [ 50%] Built target TrajectoryGenerator-lib
[0.163s] [ 66%] Built target robotNode
[0.225s] [ 83%] Built target motorNode
[0.280s] [100%] Built target userNode
[0.303s] Invoked command in '/home/dyxcvi/Documents/ROS2_CDPR_Controller/build/robot_control_pubsub' returned '0': CMAKE_PREFIX_PATH=/opt/ros/foxy /usr/bin/cmake --build /home/dyxcvi/Documents/ROS2_CDPR_Controller/build/robot_control_pubsub -- -j1 -l1
[0.360s] Invoking command in '/home/dyxcvi/Documents/ROS2_CDPR_Controller/build/robot_control_pubsub': CMAKE_PREFIX_PATH=/opt/ros/foxy /usr/bin/cmake --install /home/dyxcvi/Documents/ROS2_CDPR_Controller/build/robot_control_pubsub
[0.375s] -- Install configuration: ""
[0.378s] -- Up-to-date: /home/dyxcvi/Documents/ROS2_CDPR_Controller/install/robot_control_pubsub/lib/robot_control_pubsub/userNode
[0.380s] -- Up-to-date: /home/dyxcvi/Documents/ROS2_CDPR_Controller/install/robot_control_pubsub/lib/robot_control_pubsub/robotNode
[0.381s] -- Up-to-date: /home/dyxcvi/Documents/ROS2_CDPR_Controller/install/robot_control_pubsub/lib/robot_control_pubsub/motorNode
[0.383s] -- Up-to-date: /home/dyxcvi/Documents/ROS2_CDPR_Controller/install/robot_control_pubsub/lib/MotorContollerModule/libMotorController-lib.a
[0.384s] -- Up-to-date: /home/dyxcvi/Documents/ROS2_CDPR_Controller/install/robot_control_pubsub/lib/TrajectoryGeneratorModule/libTrajectoryGenerator-lib.a
[0.385s] -- Up-to-date: /home/dyxcvi/Documents/ROS2_CDPR_Controller/install/robot_control_pubsub/lib/RobotModelModule/libRobotModel-lib.a
[0.386s] -- Up-to-date: /home/dyxcvi/Documents/ROS2_CDPR_Controller/install/robot_control_pubsub/share/ament_index/resource_index/package_run_dependencies/RobotModelModule
[0.387s] -- Up-to-date: /home/dyxcvi/Documents/ROS2_CDPR_Controller/install/robot_control_pubsub/share/ament_index/resource_index/parent_prefix_path/RobotModelModule
[0.387s] -- Up-to-date: /home/dyxcvi/Documents/ROS2_CDPR_Controller/install/robot_control_pubsub/share/RobotModelModule/environment/ament_prefix_path.sh
[0.388s] -- Up-to-date: /home/dyxcvi/Documents/ROS2_CDPR_Controller/install/robot_control_pubsub/share/RobotModelModule/environment/ament_prefix_path.dsv
[0.389s] -- Up-to-date: /home/dyxcvi/Documents/ROS2_CDPR_Controller/install/robot_control_pubsub/share/RobotModelModule/environment/path.sh
[0.390s] -- Up-to-date: /home/dyxcvi/Documents/ROS2_CDPR_Controller/install/robot_control_pubsub/share/RobotModelModule/environment/path.dsv
[0.390s] -- Up-to-date: /home/dyxcvi/Documents/ROS2_CDPR_Controller/install/robot_control_pubsub/share/RobotModelModule/local_setup.bash
[0.390s] -- Up-to-date: /home/dyxcvi/Documents/ROS2_CDPR_Controller/install/robot_control_pubsub/share/RobotModelModule/local_setup.sh
[0.393s] -- Up-to-date: /home/dyxcvi/Documents/ROS2_CDPR_Controller/install/robot_control_pubsub/share/RobotModelModule/local_setup.zsh
[0.394s] -- Up-to-date: /home/dyxcvi/Documents/ROS2_CDPR_Controller/install/robot_control_pubsub/share/RobotModelModule/local_setup.dsv
[0.394s] -- Up-to-date: /home/dyxcvi/Documents/ROS2_CDPR_Controller/install/robot_control_pubsub/share/RobotModelModule/package.dsv
[0.397s] -- Up-to-date: /home/dyxcvi/Documents/ROS2_CDPR_Controller/install/robot_control_pubsub/share/ament_index/resource_index/packages/RobotModelModule
[0.398s] -- Up-to-date: /home/dyxcvi/Documents/ROS2_CDPR_Controller/install/robot_control_pubsub/share/RobotModelModule/cmake/RobotModelModuleConfig.cmake
[0.398s] -- Up-to-date: /home/dyxcvi/Documents/ROS2_CDPR_Controller/install/robot_control_pubsub/share/RobotModelModule/cmake/RobotModelModuleConfig-version.cmake
[0.398s] -- Up-to-date: /home/dyxcvi/Documents/ROS2_CDPR_Controller/install/robot_control_pubsub/share/RobotModelModule/package.xml
[0.405s] Invoked command in '/home/dyxcvi/Documents/ROS2_CDPR_Controller/build/robot_control_pubsub' returned '0': CMAKE_PREFIX_PATH=/opt/ros/foxy /usr/bin/cmake --install /home/dyxcvi/Documents/ROS2_CDPR_Controller/build/robot_control_pubsub
