[0.247s] DEBUG:colcon:Command line arguments: ['/usr/bin/colcon', 'build']
[0.247s] DEBUG:colcon:Parsed command line arguments: Namespace(allow_overriding=[], ament_cmake_args=None, base_paths=['.'], build_base='build', catkin_cmake_args=None, catkin_skip_building_tests=False, cmake_args=None, cmake_clean_cache=False, cmake_clean_first=False, cmake_force_configure=False, cmake_target=None, cmake_target_skip_unavailable=False, continue_on_error=False, event_handlers=None, executor='parallel', ignore_user_meta=False, install_base='install', log_base=None, log_level=None, main=<bound method BuildVerb.main of <colcon_core.verb.build.BuildVerb object at 0x7f6d9c10bc40>>, merge_install=False, metas=['./colcon.meta'], packages_above=None, packages_above_and_dependencies=None, packages_above_depth=None, packages_end=None, packages_ignore=None, packages_ignore_regex=None, packages_select=None, packages_select_build_failed=False, packages_select_by_dep=None, packages_select_regex=None, packages_select_test_failures=False, packages_skip=None, packages_skip_build_finished=False, packages_skip_by_dep=None, packages_skip_regex=None, packages_skip_test_passed=False, packages_skip_up_to=None, packages_start=None, packages_up_to=None, packages_up_to_regex=None, parallel_workers=1, paths=None, symlink_install=False, test_result_base=None, verb_extension=<colcon_core.verb.build.BuildVerb object at 0x7f6d9c10bc40>, verb_name='build', verb_parser=<colcon_defaults.argument_parser.defaults.DefaultArgumentsDecorator object at 0x7f6d9c1141f0>)
[0.281s] Level 1:colcon.colcon_core.package_discovery:discover_packages(colcon_meta) check parameters
[0.281s] Level 1:colcon.colcon_core.package_discovery:discover_packages(recursive) check parameters
[0.281s] Level 1:colcon.colcon_core.package_discovery:discover_packages(ignore) check parameters
[0.281s] Level 1:colcon.colcon_core.package_discovery:discover_packages(path) check parameters
[0.282s] Level 1:colcon.colcon_core.package_discovery:discover_packages(colcon_meta) discover
[0.282s] Level 1:colcon.colcon_core.package_discovery:discover_packages(recursive) discover
[0.282s] INFO:colcon.colcon_core.package_discovery:Crawling recursively for packages in '/home/dyxcvi/Documents/ROS2_CDPR_Controller'
[0.282s] Level 1:colcon.colcon_core.package_identification:_identify(.) by extensions ['ignore', 'ignore_ament_install']
[0.282s] Level 1:colcon.colcon_core.package_identification:_identify(.) by extension 'ignore'
[0.283s] Level 1:colcon.colcon_core.package_identification:_identify(.) by extension 'ignore_ament_install'
[0.283s] Level 1:colcon.colcon_core.package_identification:_identify(.) by extensions ['colcon_pkg']
[0.283s] Level 1:colcon.colcon_core.package_identification:_identify(.) by extension 'colcon_pkg'
[0.283s] Level 1:colcon.colcon_core.package_identification:_identify(.) by extensions ['colcon_meta']
[0.283s] Level 1:colcon.colcon_core.package_identification:_identify(.) by extension 'colcon_meta'
[0.284s] Level 1:colcon.colcon_core.package_identification:_identify(.) by extensions ['ros']
[0.284s] Level 1:colcon.colcon_core.package_identification:_identify(.) by extension 'ros'
[0.304s] DEBUG:colcon.colcon_core.package_identification:Package '.' with type 'ros.ament_cmake' and name 'robot_control_pubsub'
[0.304s] Level 1:colcon.colcon_core.package_discovery:discover_packages(recursive) using defaults
[0.304s] Level 1:colcon.colcon_core.package_discovery:discover_packages(ignore) discover
[0.304s] Level 1:colcon.colcon_core.package_discovery:discover_packages(ignore) using defaults
[0.305s] Level 1:colcon.colcon_core.package_discovery:discover_packages(path) discover
[0.305s] Level 1:colcon.colcon_core.package_discovery:discover_packages(path) using defaults
[0.355s] Level 1:colcon.colcon_core.package_discovery:discover_packages(prefix_path) check parameters
[0.355s] Level 1:colcon.colcon_core.package_discovery:discover_packages(prefix_path) discover
[0.360s] DEBUG:colcon.colcon_installed_package_information.package_discovery:Found 259 installed packages in /opt/ros/foxy
[0.363s] Level 1:colcon.colcon_core.package_discovery:discover_packages(prefix_path) using defaults
[0.473s] Level 5:colcon.colcon_core.verb:set package 'robot_control_pubsub' build argument 'cmake_args' from command line to 'None'
[0.473s] Level 5:colcon.colcon_core.verb:set package 'robot_control_pubsub' build argument 'cmake_target' from command line to 'None'
[0.474s] Level 5:colcon.colcon_core.verb:set package 'robot_control_pubsub' build argument 'cmake_target_skip_unavailable' from command line to 'False'
[0.474s] Level 5:colcon.colcon_core.verb:set package 'robot_control_pubsub' build argument 'cmake_clean_cache' from command line to 'False'
[0.474s] Level 5:colcon.colcon_core.verb:set package 'robot_control_pubsub' build argument 'cmake_clean_first' from command line to 'False'
[0.474s] Level 5:colcon.colcon_core.verb:set package 'robot_control_pubsub' build argument 'cmake_force_configure' from command line to 'False'
[0.474s] Level 5:colcon.colcon_core.verb:set package 'robot_control_pubsub' build argument 'ament_cmake_args' from command line to 'None'
[0.474s] Level 5:colcon.colcon_core.verb:set package 'robot_control_pubsub' build argument 'catkin_cmake_args' from command line to 'None'
[0.475s] Level 5:colcon.colcon_core.verb:set package 'robot_control_pubsub' build argument 'catkin_skip_building_tests' from command line to 'False'
[0.475s] DEBUG:colcon.colcon_core.verb:Building package 'robot_control_pubsub' with the following arguments: {'ament_cmake_args': None, 'build_base': '/home/dyxcvi/Documents/ROS2_CDPR_Controller/build/robot_control_pubsub', 'catkin_cmake_args': None, 'catkin_skip_building_tests': False, 'cmake_args': None, 'cmake_clean_cache': False, 'cmake_clean_first': False, 'cmake_force_configure': False, 'cmake_target': None, 'cmake_target_skip_unavailable': False, 'install_base': '/home/dyxcvi/Documents/ROS2_CDPR_Controller/install/robot_control_pubsub', 'merge_install': False, 'path': '/home/dyxcvi/Documents/ROS2_CDPR_Controller', 'symlink_install': False, 'test_result_base': None}
[0.476s] INFO:colcon.colcon_core.executor:Executing jobs using 'parallel' executor
[0.482s] DEBUG:colcon.colcon_parallel_executor.executor.parallel:run_until_complete
[0.482s] INFO:colcon.colcon_ros.task.ament_cmake.build:Building ROS package in '/home/dyxcvi/Documents/ROS2_CDPR_Controller' with build type 'ament_cmake'
[0.482s] INFO:colcon.colcon_cmake.task.cmake.build:Building CMake package in '/home/dyxcvi/Documents/ROS2_CDPR_Controller'
[0.488s] INFO:colcon.colcon_core.plugin_system:Skipping extension 'colcon_core.shell.bat': Not used on non-Windows systems
[0.489s] INFO:colcon.colcon_core.shell:Skip shell extension 'powershell' for command environment: Not usable outside of PowerShell
[0.490s] DEBUG:colcon.colcon_core.shell:Skip shell extension 'dsv' for command environment
[0.510s] DEBUG:colcon.colcon_core.event_handler.log_command:Invoking command in '/home/dyxcvi/Documents/ROS2_CDPR_Controller/build/robot_control_pubsub': CMAKE_PREFIX_PATH=/opt/ros/foxy /usr/bin/cmake --build /home/dyxcvi/Documents/ROS2_CDPR_Controller/build/robot_control_pubsub -- -j1 -l1
[3.295s] DEBUG:colcon.colcon_core.event_handler.log_command:Invoked command in '/home/dyxcvi/Documents/ROS2_CDPR_Controller/build/robot_control_pubsub' returned '2': CMAKE_PREFIX_PATH=/opt/ros/foxy /usr/bin/cmake --build /home/dyxcvi/Documents/ROS2_CDPR_Controller/build/robot_control_pubsub -- -j1 -l1
[3.340s] Level 1:colcon.colcon_core.environment:create_environment_scripts_only(robot_control_pubsub)
[3.347s] Level 1:colcon.colcon_core.environment:checking '/home/dyxcvi/Documents/ROS2_CDPR_Controller/install/robot_control_pubsub' for CMake module files
[3.348s] Level 1:colcon.colcon_core.environment:checking '/home/dyxcvi/Documents/ROS2_CDPR_Controller/install/robot_control_pubsub' for CMake config files
[3.349s] Level 1:colcon.colcon_core.environment:checking '/home/dyxcvi/Documents/ROS2_CDPR_Controller/install/robot_control_pubsub/bin'
[3.349s] Level 1:colcon.colcon_core.environment:checking '/home/dyxcvi/Documents/ROS2_CDPR_Controller/install/robot_control_pubsub/lib/pkgconfig/robot_control_pubsub.pc'
[3.350s] Level 1:colcon.colcon_core.environment:checking '/home/dyxcvi/Documents/ROS2_CDPR_Controller/install/robot_control_pubsub/lib/python3.8/site-packages'
[3.350s] Level 1:colcon.colcon_core.environment:checking '/home/dyxcvi/Documents/ROS2_CDPR_Controller/install/robot_control_pubsub/bin'
[3.353s] INFO:colcon.colcon_core.shell:Creating package script '/home/dyxcvi/Documents/ROS2_CDPR_Controller/install/robot_control_pubsub/share/robot_control_pubsub/package.ps1'
[3.354s] INFO:colcon.colcon_core.shell:Creating package descriptor '/home/dyxcvi/Documents/ROS2_CDPR_Controller/install/robot_control_pubsub/share/robot_control_pubsub/package.dsv'
[3.356s] INFO:colcon.colcon_core.shell:Creating package script '/home/dyxcvi/Documents/ROS2_CDPR_Controller/install/robot_control_pubsub/share/robot_control_pubsub/package.sh'
[3.357s] INFO:colcon.colcon_core.shell:Creating package script '/home/dyxcvi/Documents/ROS2_CDPR_Controller/install/robot_control_pubsub/share/robot_control_pubsub/package.bash'
[3.359s] INFO:colcon.colcon_core.shell:Creating package script '/home/dyxcvi/Documents/ROS2_CDPR_Controller/install/robot_control_pubsub/share/robot_control_pubsub/package.zsh'
[3.361s] Level 1:colcon.colcon_core.environment:create_file_with_runtime_dependencies(/home/dyxcvi/Documents/ROS2_CDPR_Controller/install/robot_control_pubsub/share/colcon-core/packages/robot_control_pubsub)
[3.366s] DEBUG:colcon.colcon_parallel_executor.executor.parallel:closing loop
[3.366s] DEBUG:colcon.colcon_parallel_executor.executor.parallel:loop closed
[3.367s] DEBUG:colcon.colcon_parallel_executor.executor.parallel:run_until_complete finished with '2'
[3.367s] DEBUG:colcon.colcon_core.event_reactor:joining thread
[3.376s] INFO:colcon.colcon_core.plugin_system:Skipping extension 'colcon_notification.desktop_notification.terminal_notifier': Not used on non-Darwin systems
[3.376s] INFO:colcon.colcon_core.plugin_system:Skipping extension 'colcon_notification.desktop_notification.win32': Not used on non-Windows systems
[3.376s] INFO:colcon.colcon_notification.desktop_notification:Sending desktop notification using 'notify2'
[3.394s] DEBUG:colcon.colcon_core.event_reactor:joined thread
[3.397s] INFO:colcon.colcon_core.shell:Creating prefix script '/home/dyxcvi/Documents/ROS2_CDPR_Controller/install/local_setup.ps1'
[3.404s] INFO:colcon.colcon_core.shell:Creating prefix util module '/home/dyxcvi/Documents/ROS2_CDPR_Controller/install/_local_setup_util_ps1.py'
[3.407s] INFO:colcon.colcon_core.shell:Creating prefix chain script '/home/dyxcvi/Documents/ROS2_CDPR_Controller/install/setup.ps1'
[3.414s] INFO:colcon.colcon_core.shell:Creating prefix script '/home/dyxcvi/Documents/ROS2_CDPR_Controller/install/local_setup.sh'
[3.415s] INFO:colcon.colcon_core.shell:Creating prefix util module '/home/dyxcvi/Documents/ROS2_CDPR_Controller/install/_local_setup_util_sh.py'
[3.416s] INFO:colcon.colcon_core.shell:Creating prefix chain script '/home/dyxcvi/Documents/ROS2_CDPR_Controller/install/setup.sh'
[3.420s] INFO:colcon.colcon_core.shell:Creating prefix script '/home/dyxcvi/Documents/ROS2_CDPR_Controller/install/local_setup.bash'
[3.421s] INFO:colcon.colcon_core.shell:Creating prefix chain script '/home/dyxcvi/Documents/ROS2_CDPR_Controller/install/setup.bash'
[3.428s] INFO:colcon.colcon_core.shell:Creating prefix script '/home/dyxcvi/Documents/ROS2_CDPR_Controller/install/local_setup.zsh'
[3.429s] INFO:colcon.colcon_core.shell:Creating prefix chain script '/home/dyxcvi/Documents/ROS2_CDPR_Controller/install/setup.zsh'
