[0.253s] DEBUG:colcon:Command line arguments: ['/usr/bin/colcon', 'build']
[0.253s] DEBUG:colcon:Parsed command line arguments: Namespace(allow_overriding=[], ament_cmake_args=None, base_paths=['.'], build_base='build', catkin_cmake_args=None, catkin_skip_building_tests=False, cmake_args=None, cmake_clean_cache=False, cmake_clean_first=False, cmake_force_configure=False, cmake_target=None, cmake_target_skip_unavailable=False, continue_on_error=False, event_handlers=None, executor='parallel', ignore_user_meta=False, install_base='install', log_base=None, log_level=None, main=<bound method BuildVerb.main of <colcon_core.verb.build.BuildVerb object at 0x7f4802a3fd60>>, merge_install=False, metas=['./colcon.meta'], packages_above=None, packages_above_and_dependencies=None, packages_above_depth=None, packages_end=None, packages_ignore=None, packages_ignore_regex=None, packages_select=None, packages_select_build_failed=False, packages_select_by_dep=None, packages_select_regex=None, packages_select_test_failures=False, packages_skip=None, packages_skip_build_finished=False, packages_skip_by_dep=None, packages_skip_regex=None, packages_skip_test_passed=False, packages_skip_up_to=None, packages_start=None, packages_up_to=None, packages_up_to_regex=None, parallel_workers=1, paths=None, symlink_install=False, test_result_base=None, verb_extension=<colcon_core.verb.build.BuildVerb object at 0x7f4802a3fd60>, verb_name='build', verb_parser=<colcon_defaults.argument_parser.defaults.DefaultArgumentsDecorator object at 0x7f4802a49310>)
[0.288s] Level 1:colcon.colcon_core.package_discovery:discover_packages(colcon_meta) check parameters
[0.289s] Level 1:colcon.colcon_core.package_discovery:discover_packages(recursive) check parameters
[0.289s] Level 1:colcon.colcon_core.package_discovery:discover_packages(ignore) check parameters
[0.289s] Level 1:colcon.colcon_core.package_discovery:discover_packages(path) check parameters
[0.290s] Level 1:colcon.colcon_core.package_discovery:discover_packages(colcon_meta) discover
[0.290s] Level 1:colcon.colcon_core.package_discovery:discover_packages(recursive) discover
[0.290s] INFO:colcon.colcon_core.package_discovery:Crawling recursively for packages in '/home/dyxcvi/Documents/ROS2_CDPR_Controller'
[0.290s] Level 1:colcon.colcon_core.package_identification:_identify(.) by extensions ['ignore', 'ignore_ament_install']
[0.290s] Level 1:colcon.colcon_core.package_identification:_identify(.) by extension 'ignore'
[0.291s] Level 1:colcon.colcon_core.package_identification:_identify(.) by extension 'ignore_ament_install'
[0.291s] Level 1:colcon.colcon_core.package_identification:_identify(.) by extensions ['colcon_pkg']
[0.291s] Level 1:colcon.colcon_core.package_identification:_identify(.) by extension 'colcon_pkg'
[0.291s] Level 1:colcon.colcon_core.package_identification:_identify(.) by extensions ['colcon_meta']
[0.291s] Level 1:colcon.colcon_core.package_identification:_identify(.) by extension 'colcon_meta'
[0.292s] Level 1:colcon.colcon_core.package_identification:_identify(.) by extensions ['ros']
[0.292s] Level 1:colcon.colcon_core.package_identification:_identify(.) by extension 'ros'
[0.311s] DEBUG:colcon.colcon_core.package_identification:Package '.' with type 'ros.ament_cmake' and name 'robot_control_pubsub'
[0.311s] Level 1:colcon.colcon_core.package_discovery:discover_packages(recursive) using defaults
[0.311s] Level 1:colcon.colcon_core.package_discovery:discover_packages(ignore) discover
[0.311s] Level 1:colcon.colcon_core.package_discovery:discover_packages(ignore) using defaults
[0.311s] Level 1:colcon.colcon_core.package_discovery:discover_packages(path) discover
[0.312s] Level 1:colcon.colcon_core.package_discovery:discover_packages(path) using defaults
[0.355s] Level 1:colcon.colcon_core.package_discovery:discover_packages(prefix_path) check parameters
[0.355s] Level 1:colcon.colcon_core.package_discovery:discover_packages(prefix_path) discover
[0.360s] DEBUG:colcon.colcon_installed_package_information.package_discovery:Found 259 installed packages in /opt/ros/foxy
[0.363s] Level 1:colcon.colcon_core.package_discovery:discover_packages(prefix_path) using defaults
[0.470s] Level 5:colcon.colcon_core.verb:set package 'robot_control_pubsub' build argument 'cmake_args' from command line to 'None'
[0.470s] Level 5:colcon.colcon_core.verb:set package 'robot_control_pubsub' build argument 'cmake_target' from command line to 'None'
[0.470s] Level 5:colcon.colcon_core.verb:set package 'robot_control_pubsub' build argument 'cmake_target_skip_unavailable' from command line to 'False'
[0.470s] Level 5:colcon.colcon_core.verb:set package 'robot_control_pubsub' build argument 'cmake_clean_cache' from command line to 'False'
[0.470s] Level 5:colcon.colcon_core.verb:set package 'robot_control_pubsub' build argument 'cmake_clean_first' from command line to 'False'
[0.471s] Level 5:colcon.colcon_core.verb:set package 'robot_control_pubsub' build argument 'cmake_force_configure' from command line to 'False'
[0.471s] Level 5:colcon.colcon_core.verb:set package 'robot_control_pubsub' build argument 'ament_cmake_args' from command line to 'None'
[0.471s] Level 5:colcon.colcon_core.verb:set package 'robot_control_pubsub' build argument 'catkin_cmake_args' from command line to 'None'
[0.471s] Level 5:colcon.colcon_core.verb:set package 'robot_control_pubsub' build argument 'catkin_skip_building_tests' from command line to 'False'
[0.471s] DEBUG:colcon.colcon_core.verb:Building package 'robot_control_pubsub' with the following arguments: {'ament_cmake_args': None, 'build_base': '/home/dyxcvi/Documents/ROS2_CDPR_Controller/build/robot_control_pubsub', 'catkin_cmake_args': None, 'catkin_skip_building_tests': False, 'cmake_args': None, 'cmake_clean_cache': False, 'cmake_clean_first': False, 'cmake_force_configure': False, 'cmake_target': None, 'cmake_target_skip_unavailable': False, 'install_base': '/home/dyxcvi/Documents/ROS2_CDPR_Controller/install/robot_control_pubsub', 'merge_install': False, 'path': '/home/dyxcvi/Documents/ROS2_CDPR_Controller', 'symlink_install': False, 'test_result_base': None}
[0.473s] INFO:colcon.colcon_core.executor:Executing jobs using 'parallel' executor
[0.478s] DEBUG:colcon.colcon_parallel_executor.executor.parallel:run_until_complete
[0.479s] INFO:colcon.colcon_ros.task.ament_cmake.build:Building ROS package in '/home/dyxcvi/Documents/ROS2_CDPR_Controller' with build type 'ament_cmake'
[0.479s] INFO:colcon.colcon_cmake.task.cmake.build:Building CMake package in '/home/dyxcvi/Documents/ROS2_CDPR_Controller'
[0.486s] INFO:colcon.colcon_core.plugin_system:Skipping extension 'colcon_core.shell.bat': Not used on non-Windows systems
[0.487s] INFO:colcon.colcon_core.shell:Skip shell extension 'powershell' for command environment: Not usable outside of PowerShell
[0.487s] DEBUG:colcon.colcon_core.shell:Skip shell extension 'dsv' for command environment
[0.509s] DEBUG:colcon.colcon_core.event_handler.log_command:Invoking command in '/home/dyxcvi/Documents/ROS2_CDPR_Controller/build/robot_control_pubsub': CMAKE_PREFIX_PATH=/opt/ros/foxy /usr/bin/cmake --build /home/dyxcvi/Documents/ROS2_CDPR_Controller/build/robot_control_pubsub -- -j1 -l1
[0.774s] DEBUG:colcon.colcon_core.event_handler.log_command:Invoked command in '/home/dyxcvi/Documents/ROS2_CDPR_Controller/build/robot_control_pubsub' returned '0': CMAKE_PREFIX_PATH=/opt/ros/foxy /usr/bin/cmake --build /home/dyxcvi/Documents/ROS2_CDPR_Controller/build/robot_control_pubsub -- -j1 -l1
[0.828s] DEBUG:colcon.colcon_core.event_handler.log_command:Invoking command in '/home/dyxcvi/Documents/ROS2_CDPR_Controller/build/robot_control_pubsub': CMAKE_PREFIX_PATH=/opt/ros/foxy /usr/bin/cmake --install /home/dyxcvi/Documents/ROS2_CDPR_Controller/build/robot_control_pubsub
[0.864s] Level 1:colcon.colcon_core.environment:create_environment_scripts_only(robot_control_pubsub)
[0.870s] DEBUG:colcon.colcon_core.event_handler.log_command:Invoked command in '/home/dyxcvi/Documents/ROS2_CDPR_Controller/build/robot_control_pubsub' returned '0': CMAKE_PREFIX_PATH=/opt/ros/foxy /usr/bin/cmake --install /home/dyxcvi/Documents/ROS2_CDPR_Controller/build/robot_control_pubsub
[0.904s] Level 1:colcon.colcon_core.environment:checking '/home/dyxcvi/Documents/ROS2_CDPR_Controller/install/robot_control_pubsub' for CMake module files
[0.906s] Level 1:colcon.colcon_core.environment:checking '/home/dyxcvi/Documents/ROS2_CDPR_Controller/install/robot_control_pubsub' for CMake config files
[0.906s] Level 1:colcon.colcon_core.shell:create_environment_hook('robot_control_pubsub', 'cmake_prefix_path')
[0.910s] INFO:colcon.colcon_core.shell:Creating environment hook '/home/dyxcvi/Documents/ROS2_CDPR_Controller/install/robot_control_pubsub/share/robot_control_pubsub/hook/cmake_prefix_path.ps1'
[0.912s] INFO:colcon.colcon_core.shell:Creating environment descriptor '/home/dyxcvi/Documents/ROS2_CDPR_Controller/install/robot_control_pubsub/share/robot_control_pubsub/hook/cmake_prefix_path.dsv'
[0.918s] INFO:colcon.colcon_core.shell:Creating environment hook '/home/dyxcvi/Documents/ROS2_CDPR_Controller/install/robot_control_pubsub/share/robot_control_pubsub/hook/cmake_prefix_path.sh'
[0.920s] Level 1:colcon.colcon_core.environment:checking '/home/dyxcvi/Documents/ROS2_CDPR_Controller/install/robot_control_pubsub/lib'
[0.920s] Level 1:colcon.colcon_core.environment:checking '/home/dyxcvi/Documents/ROS2_CDPR_Controller/install/robot_control_pubsub/bin'
[0.920s] Level 1:colcon.colcon_core.environment:checking '/home/dyxcvi/Documents/ROS2_CDPR_Controller/install/robot_control_pubsub/lib/pkgconfig/robot_control_pubsub.pc'
[0.921s] Level 1:colcon.colcon_core.environment:checking '/home/dyxcvi/Documents/ROS2_CDPR_Controller/install/robot_control_pubsub/lib/python3.8/site-packages'
[0.921s] Level 1:colcon.colcon_core.environment:checking '/home/dyxcvi/Documents/ROS2_CDPR_Controller/install/robot_control_pubsub/bin'
[0.924s] INFO:colcon.colcon_core.shell:Creating package script '/home/dyxcvi/Documents/ROS2_CDPR_Controller/install/robot_control_pubsub/share/robot_control_pubsub/package.ps1'
[0.926s] INFO:colcon.colcon_core.shell:Creating package descriptor '/home/dyxcvi/Documents/ROS2_CDPR_Controller/install/robot_control_pubsub/share/robot_control_pubsub/package.dsv'
[0.927s] INFO:colcon.colcon_core.shell:Creating package script '/home/dyxcvi/Documents/ROS2_CDPR_Controller/install/robot_control_pubsub/share/robot_control_pubsub/package.sh'
[0.929s] INFO:colcon.colcon_core.shell:Creating package script '/home/dyxcvi/Documents/ROS2_CDPR_Controller/install/robot_control_pubsub/share/robot_control_pubsub/package.bash'
[0.931s] INFO:colcon.colcon_core.shell:Creating package script '/home/dyxcvi/Documents/ROS2_CDPR_Controller/install/robot_control_pubsub/share/robot_control_pubsub/package.zsh'
[0.932s] Level 1:colcon.colcon_core.environment:create_file_with_runtime_dependencies(/home/dyxcvi/Documents/ROS2_CDPR_Controller/install/robot_control_pubsub/share/colcon-core/packages/robot_control_pubsub)
[0.973s] Level 1:colcon.colcon_core.environment:create_environment_scripts_only(robot_control_pubsub)
[0.977s] Level 1:colcon.colcon_core.environment:checking '/home/dyxcvi/Documents/ROS2_CDPR_Controller/install/robot_control_pubsub' for CMake module files
[0.978s] Level 1:colcon.colcon_core.environment:checking '/home/dyxcvi/Documents/ROS2_CDPR_Controller/install/robot_control_pubsub' for CMake config files
[0.978s] Level 1:colcon.colcon_core.shell:create_environment_hook('robot_control_pubsub', 'cmake_prefix_path')
[0.980s] INFO:colcon.colcon_core.shell:Creating environment hook '/home/dyxcvi/Documents/ROS2_CDPR_Controller/install/robot_control_pubsub/share/robot_control_pubsub/hook/cmake_prefix_path.ps1'
[0.982s] INFO:colcon.colcon_core.shell:Creating environment descriptor '/home/dyxcvi/Documents/ROS2_CDPR_Controller/install/robot_control_pubsub/share/robot_control_pubsub/hook/cmake_prefix_path.dsv'
[0.983s] INFO:colcon.colcon_core.shell:Creating environment hook '/home/dyxcvi/Documents/ROS2_CDPR_Controller/install/robot_control_pubsub/share/robot_control_pubsub/hook/cmake_prefix_path.sh'
[0.984s] Level 1:colcon.colcon_core.environment:checking '/home/dyxcvi/Documents/ROS2_CDPR_Controller/install/robot_control_pubsub/lib'
[0.984s] Level 1:colcon.colcon_core.environment:checking '/home/dyxcvi/Documents/ROS2_CDPR_Controller/install/robot_control_pubsub/bin'
[0.984s] Level 1:colcon.colcon_core.environment:checking '/home/dyxcvi/Documents/ROS2_CDPR_Controller/install/robot_control_pubsub/lib/pkgconfig/robot_control_pubsub.pc'
[0.985s] Level 1:colcon.colcon_core.environment:checking '/home/dyxcvi/Documents/ROS2_CDPR_Controller/install/robot_control_pubsub/lib/python3.8/site-packages'
[0.985s] Level 1:colcon.colcon_core.environment:checking '/home/dyxcvi/Documents/ROS2_CDPR_Controller/install/robot_control_pubsub/bin'
[0.988s] INFO:colcon.colcon_core.shell:Creating package script '/home/dyxcvi/Documents/ROS2_CDPR_Controller/install/robot_control_pubsub/share/robot_control_pubsub/package.ps1'
[0.989s] INFO:colcon.colcon_core.shell:Creating package descriptor '/home/dyxcvi/Documents/ROS2_CDPR_Controller/install/robot_control_pubsub/share/robot_control_pubsub/package.dsv'
[0.990s] INFO:colcon.colcon_core.shell:Creating package script '/home/dyxcvi/Documents/ROS2_CDPR_Controller/install/robot_control_pubsub/share/robot_control_pubsub/package.sh'
[0.991s] INFO:colcon.colcon_core.shell:Creating package script '/home/dyxcvi/Documents/ROS2_CDPR_Controller/install/robot_control_pubsub/share/robot_control_pubsub/package.bash'
[0.993s] INFO:colcon.colcon_core.shell:Creating package script '/home/dyxcvi/Documents/ROS2_CDPR_Controller/install/robot_control_pubsub/share/robot_control_pubsub/package.zsh'
[0.994s] Level 1:colcon.colcon_core.environment:create_file_with_runtime_dependencies(/home/dyxcvi/Documents/ROS2_CDPR_Controller/install/robot_control_pubsub/share/colcon-core/packages/robot_control_pubsub)
[0.997s] DEBUG:colcon.colcon_parallel_executor.executor.parallel:closing loop
[0.998s] DEBUG:colcon.colcon_parallel_executor.executor.parallel:loop closed
[0.998s] DEBUG:colcon.colcon_parallel_executor.executor.parallel:run_until_complete finished with '0'
[0.998s] DEBUG:colcon.colcon_core.event_reactor:joining thread
[1.011s] INFO:colcon.colcon_core.plugin_system:Skipping extension 'colcon_notification.desktop_notification.terminal_notifier': Not used on non-Darwin systems
[1.012s] INFO:colcon.colcon_core.plugin_system:Skipping extension 'colcon_notification.desktop_notification.win32': Not used on non-Windows systems
[1.013s] INFO:colcon.colcon_notification.desktop_notification:Sending desktop notification using 'notify2'
[1.033s] DEBUG:colcon.colcon_core.event_reactor:joined thread
[1.036s] INFO:colcon.colcon_core.shell:Creating prefix script '/home/dyxcvi/Documents/ROS2_CDPR_Controller/install/local_setup.ps1'
[1.043s] INFO:colcon.colcon_core.shell:Creating prefix util module '/home/dyxcvi/Documents/ROS2_CDPR_Controller/install/_local_setup_util_ps1.py'
[1.045s] INFO:colcon.colcon_core.shell:Creating prefix chain script '/home/dyxcvi/Documents/ROS2_CDPR_Controller/install/setup.ps1'
[1.051s] INFO:colcon.colcon_core.shell:Creating prefix script '/home/dyxcvi/Documents/ROS2_CDPR_Controller/install/local_setup.sh'
[1.052s] INFO:colcon.colcon_core.shell:Creating prefix util module '/home/dyxcvi/Documents/ROS2_CDPR_Controller/install/_local_setup_util_sh.py'
[1.053s] INFO:colcon.colcon_core.shell:Creating prefix chain script '/home/dyxcvi/Documents/ROS2_CDPR_Controller/install/setup.sh'
[1.059s] INFO:colcon.colcon_core.shell:Creating prefix script '/home/dyxcvi/Documents/ROS2_CDPR_Controller/install/local_setup.bash'
[1.060s] INFO:colcon.colcon_core.shell:Creating prefix chain script '/home/dyxcvi/Documents/ROS2_CDPR_Controller/install/setup.bash'
[1.064s] INFO:colcon.colcon_core.shell:Creating prefix script '/home/dyxcvi/Documents/ROS2_CDPR_Controller/install/local_setup.zsh'
[1.066s] INFO:colcon.colcon_core.shell:Creating prefix chain script '/home/dyxcvi/Documents/ROS2_CDPR_Controller/install/setup.zsh'
