[01m[K/home/dyxcvi/Documents/ROS2_CDPR_Controller/src/RobotModel/src/RobotModel.cpp:[m[K In member function ‘[01m[Kvoid RobotModel::inverseKinematics(Eigen::Vector3d, std::vector<int>&)[m[K’:
[01m[K/home/dyxcvi/Documents/ROS2_CDPR_Controller/src/RobotModel/src/RobotModel.cpp:20:52:[m[K [01;35m[Kwarning: [m[Kunused parameter ‘[01m[KXd[m[K’ [[01;35m[K-Wunused-parameter[m[K]
   20 | void RobotModel::inverseKinematics([01;35m[KEigen::Vector3d Xd[m[K, std::vector<int> &Qs) {
      |                                    [01;35m[K~~~~~~~~~~~~~~~~^~[m[K
[01m[K/home/dyxcvi/Documents/ROS2_CDPR_Controller/src/MotorController/src/MotorController.cpp:[m[K In member function ‘[01m[Kvoid epos::MotorController::LogError(std::string, unsigned int)[m[K’:
[01m[K/home/dyxcvi/Documents/ROS2_CDPR_Controller/src/MotorController/src/MotorController.cpp:5:18:[m[K [01;35m[Kwarning: [m[Kcomparison of integer expressions of different signedness: ‘[01m[Kunsigned int[m[K’ and ‘[01m[Kint[m[K’ [[01;35m[K-Wsign-compare[m[K]
    5 |     if([01;35m[KerrorCode == -1[m[K) {
      |        [01;35m[K~~~~~~~~~~^~~~~[m[K
[01m[K/home/dyxcvi/Documents/ROS2_CDPR_Controller/src/MotorController/src/MotorController.cpp:[m[K In member function ‘[01m[Kvoid epos::MotorController::connect(std::string, std::string, std::string, std::string, unsigned int)[m[K’:
[01m[K/home/dyxcvi/Documents/ROS2_CDPR_Controller/src/MotorController/src/MotorController.cpp:90:42:[m[K [01;35m[Kwarning: [m[Kright operand of comma operator has no effect [[01;35m[K-Wunused-value[m[K]
   90 |     delete c_deviceName, c_protocolName, [01;35m[Kc_interfaceName[m[K, c_portName;
      |                                          [01;35m[K^~~~~~~~~~~~~~~[m[K
[01m[K/home/dyxcvi/Documents/ROS2_CDPR_Controller/src/MotorController/src/MotorController.cpp:90:59:[m[K [01;35m[Kwarning: [m[Kright operand of comma operator has no effect [[01;35m[K-Wunused-value[m[K]
   90 |     delete c_deviceName, c_protocolName, c_interfaceName, [01;35m[Kc_portName[m[K;
      |                                                           [01;35m[K^~~~~~~~~~[m[K
[01m[K/home/dyxcvi/Documents/ROS2_CDPR_Controller/src/MotorController/src/MotorController.cpp:90:69:[m[K [01;35m[Kwarning: [m[Kright operand of comma operator has no effect [[01;35m[K-Wunused-value[m[K]
   90 |     delete c_deviceName, c_protocolName, c_interfaceName, c_portName[01;35m[K;[m[K
      |                                                                     [01;35m[K^[m[K
[01m[K/home/dyxcvi/Documents/ROS2_CDPR_Controller/src/MotorController/src/MotorController.cpp:[m[K In member function ‘[01m[Kvoid epos::MotorController::checkMotorState(unsigned int)[m[K’:
[01m[K/home/dyxcvi/Documents/ROS2_CDPR_Controller/src/MotorController/src/MotorController.cpp:117:18:[m[K [01;35m[Kwarning: [m[Kunused variable ‘[01m[KerrorCode[m[K’ [[01;35m[K-Wunused-variable[m[K]
  117 |     unsigned int [01;35m[KerrorCode[m[K, lBaudrate, lTimeout;
      |                  [01;35m[K^~~~~~~~~[m[K
[01m[K/home/dyxcvi/Documents/ROS2_CDPR_Controller/src/MotorController/src/MotorController.cpp:[m[K In member function ‘[01m[Kvoid epos::MotorController::startMovement(unsigned int, unsigned int, unsigned int, unsigned int)[m[K’:
[01m[K/home/dyxcvi/Documents/ROS2_CDPR_Controller/src/MotorController/src/MotorController.cpp:187:9:[m[K [01;35m[Kwarning: [m[Kunused variable ‘[01m[KisFault[m[K’ [[01;35m[K-Wunused-variable[m[K]
  187 |     int [01;35m[KisFault[m[K;
      |         [01;35m[K^~~~~~~[m[K
[01m[K/home/dyxcvi/Documents/ROS2_CDPR_Controller/src/MotorNode.cpp:[m[K In function ‘[01m[Kint main(int, char**)[m[K’:
[01m[K/home/dyxcvi/Documents/ROS2_CDPR_Controller/src/MotorNode.cpp:62:16:[m[K [01;35m[Kwarning: [m[Kunused variable ‘[01m[KerrorCode[m[K’ [[01;35m[K-Wunused-variable[m[K]
   62 |   unsigned int [01;35m[KerrorCode[m[K;
      |                [01;35m[K^~~~~~~~~[m[K
[01m[K/home/dyxcvi/Documents/ROS2_CDPR_Controller/src/UserNode.cpp:6:10:[m[K [01;31m[Kfatal error: [m[Kgeometry_msgs/Point.hpp: No such file or directory
    6 | #include [01;31m[K"geometry_msgs/Point.hpp"[m[K
      |          [01;31m[K^~~~~~~~~~~~~~~~~~~~~~~~~[m[K
compilation terminated.
make[2]: *** [CMakeFiles/userNode.dir/build.make:63: CMakeFiles/userNode.dir/src/UserNode.cpp.o] Error 1
make[1]: *** [CMakeFiles/Makefile2:277: CMakeFiles/userNode.dir/all] Error 2
make: *** [Makefile:141: all] Error 2
